15:40:00 <INFO> Started REINVENT 4.5.11 (C) AstraZeneca 2017, 2023 on 2025-01-18
15:40:00 <INFO> Command line: /home/bio/.envreinvent/bin/reinvent -l stage1_v2.log stage_1_config.toml
15:40:00 <INFO> Reading run configuration from /home/bio/TrmD_drug_design_project/REINVENT/stage_1_config.toml using format toml
15:40:00 <INFO> User bio on host mrkev
15:40:00 <INFO> Python version 3.10.16
15:40:00 <INFO> PyTorch version 2.5.1+cu121, git a8d6afb511a69687bbb2b7e88a3cf67917e1697e
15:40:00 <INFO> PyTorch compiled with CUDA version 12.1
15:40:00 <INFO> RDKit version 2023.09.5
15:40:00 <INFO> Platform Linux-6.8.0-51-generic-x86_64-with-glibc2.39
15:40:00 <INFO> CUDA driver version 565.57.01
15:40:00 <INFO> Number of PyTorch CUDA devices 2
15:40:00 <INFO> Using CUDA device:0 NVIDIA GeForce RTX 3090
15:40:01 <INFO> GPU memory: 23887 MiB free, 24150 MiB total
15:40:01 <INFO> Writing TensorBoard summary to /home/bio/TrmD_drug_design_project/REINVENT/results/tb_stage1
15:40:01 <INFO> Writing JSON config file to /home/bio/TrmD_drug_design_project/REINVENT/results/_stage1_v2.json
15:40:01 <INFO> Starting 1 stage of Reinforcement Learning
15:40:02 <ERRO> /home/bio/Software/REINVENT4/priors/mol2mol_scaffold_generic.prior has invalid hash:
{ 'comments': [],
  'creation_date': 0,
  'date_format': 'UNIX epoch',
  'hash_id': '2e9b50a81011b9dcae60e555a73a6144',
  'hash_id_format': 'xxhash.xxh3_128_hex 3.4.1',
  'model_id': 'dbe73d69456f42f990b955233dc7f514',
  'model_id_format': 'uuid.uuid4 3.10.12',
  'origina_data_source': 'ChEMBL 28',
  'updates': []}
15:40:02 <INFO> Number of network parameters: 17,462,400
15:40:02 <INFO> Network architecture:
EncoderDecoder(
  (encoder): Encoder(
    (layers): ModuleList(
      (0-5): 6 x EncoderLayer(
        (self_attn): MultiHeadedAttention(
          (linears): ModuleList(
            (0-3): 4 x Linear(in_features=256, out_features=256, bias=True)
          )
          (dropout): Dropout(p=0.1, inplace=False)
        )
        (feed_forward): PositionwiseFeedForward(
          (w_1): Linear(in_features=256, out_features=2048, bias=True)
          (w_2): Linear(in_features=2048, out_features=256, bias=True)
          (dropout): Dropout(p=0.1, inplace=False)
        )
        (sublayer): ModuleList(
          (0-1): 2 x SublayerConnection(
            (norm): LayerNorm()
            (dropout): Dropout(p=0.1, inplace=False)
          )
        )
      )
    )
    (norm): LayerNorm()
  )
  (decoder): Decoder(
    (layers): ModuleList(
      (0-5): 6 x DecoderLayer(
        (self_attn): MultiHeadedAttention(
          (linears): ModuleList(
            (0-3): 4 x Linear(in_features=256, out_features=256, bias=True)
          )
          (dropout): Dropout(p=0.1, inplace=False)
        )
        (src_attn): MultiHeadedAttention(
          (linears): ModuleList(
            (0-3): 4 x Linear(in_features=256, out_features=256, bias=True)
          )
          (dropout): Dropout(p=0.1, inplace=False)
        )
        (feed_forward): PositionwiseFeedForward(
          (w_1): Linear(in_features=256, out_features=2048, bias=True)
          (w_2): Linear(in_features=2048, out_features=256, bias=True)
          (dropout): Dropout(p=0.1, inplace=False)
        )
        (sublayer): ModuleList(
          (0-2): 3 x SublayerConnection(
            (norm): LayerNorm()
            (dropout): Dropout(p=0.1, inplace=False)
          )
        )
      )
    )
    (norm): LayerNorm()
  )
  (src_embed): Sequential(
    (0): Embeddings(
      (lut): Embedding(128, 256)
    )
    (1): PositionalEncoding(
      (dropout): Dropout(p=0.1, inplace=False)
    )
  )
  (tgt_embed): Sequential(
    (0): Embeddings(
      (lut): Embedding(128, 256)
    )
    (1): PositionalEncoding(
      (dropout): Dropout(p=0.1, inplace=False)
    )
  )
  (generator): Generator(
    (proj): Linear(in_features=256, out_features=128, bias=True)
  )
)
15:40:02 <ERRO> /home/bio/Software/REINVENT4/priors/mol2mol_scaffold_generic.prior has invalid hash:
{ 'comments': [],
  'creation_date': 0,
  'date_format': 'UNIX epoch',
  'hash_id': '2e9b50a81011b9dcae60e555a73a6144',
  'hash_id_format': 'xxhash.xxh3_128_hex 3.4.1',
  'model_id': 'dbe73d69456f42f990b955233dc7f514',
  'model_id_format': 'uuid.uuid4 3.10.12',
  'origina_data_source': 'ChEMBL 28',
  'updates': []}
15:40:02 <INFO> Number of network parameters: 17,462,400
15:40:02 <INFO> Network architecture:
EncoderDecoder(
  (encoder): Encoder(
    (layers): ModuleList(
      (0-5): 6 x EncoderLayer(
        (self_attn): MultiHeadedAttention(
          (linears): ModuleList(
            (0-3): 4 x Linear(in_features=256, out_features=256, bias=True)
          )
          (dropout): Dropout(p=0.1, inplace=False)
        )
        (feed_forward): PositionwiseFeedForward(
          (w_1): Linear(in_features=256, out_features=2048, bias=True)
          (w_2): Linear(in_features=2048, out_features=256, bias=True)
          (dropout): Dropout(p=0.1, inplace=False)
        )
        (sublayer): ModuleList(
          (0-1): 2 x SublayerConnection(
            (norm): LayerNorm()
            (dropout): Dropout(p=0.1, inplace=False)
          )
        )
      )
    )
    (norm): LayerNorm()
  )
  (decoder): Decoder(
    (layers): ModuleList(
      (0-5): 6 x DecoderLayer(
        (self_attn): MultiHeadedAttention(
          (linears): ModuleList(
            (0-3): 4 x Linear(in_features=256, out_features=256, bias=True)
          )
          (dropout): Dropout(p=0.1, inplace=False)
        )
        (src_attn): MultiHeadedAttention(
          (linears): ModuleList(
            (0-3): 4 x Linear(in_features=256, out_features=256, bias=True)
          )
          (dropout): Dropout(p=0.1, inplace=False)
        )
        (feed_forward): PositionwiseFeedForward(
          (w_1): Linear(in_features=256, out_features=2048, bias=True)
          (w_2): Linear(in_features=2048, out_features=256, bias=True)
          (dropout): Dropout(p=0.1, inplace=False)
        )
        (sublayer): ModuleList(
          (0-2): 3 x SublayerConnection(
            (norm): LayerNorm()
            (dropout): Dropout(p=0.1, inplace=False)
          )
        )
      )
    )
    (norm): LayerNorm()
  )
  (src_embed): Sequential(
    (0): Embeddings(
      (lut): Embedding(128, 256)
    )
    (1): PositionalEncoding(
      (dropout): Dropout(p=0.1, inplace=False)
    )
  )
  (tgt_embed): Sequential(
    (0): Embeddings(
      (lut): Embedding(128, 256)
    )
    (1): PositionalEncoding(
      (dropout): Dropout(p=0.1, inplace=False)
    )
  )
  (generator): Generator(
    (proj): Linear(in_features=256, out_features=128, bias=True)
  )
)
15:40:02 <INFO> Using generator Mol2Mol
15:40:02 <INFO> Prior read from /home/bio/Software/REINVENT4/priors/mol2mol_scaffold_generic.prior
15:40:02 <INFO> Agent read from /home/bio/Software/REINVENT4/priors/mol2mol_scaffold_generic.prior
15:40:02 <INFO> Input molecules/fragments read from file /home/bio/TrmD_drug_design_project/REINVENT/data/mol2mol.smi
15:40:02 <WARN> randomize_smiles was set to True but the model was not trained with randomized SMILES.  Setting randomize_smiles to False.
15:40:02 <INFO> Using reward strategy dap
15:40:02 <INFO> Using diversity filter IdenticalMurckoScaffold
15:40:02 <INFO> Purging diversity filter memories after each stage
15:40:04 <INFO> Registered scoring component ROCSSimilarity
15:40:04 <INFO> Registered scoring component GroupCount
15:40:04 <INFO> Registered scoring component FragmentQed
15:40:04 <INFO> Registered scoring component FragmentSlogP
15:40:04 <INFO> Registered scoring component FragmentMolecularWeight
15:40:04 <INFO> Registered scoring component FragmentTPSA
15:40:04 <INFO> Registered scoring component FragmentDistanceMatrix
15:40:04 <INFO> Registered scoring component FragmentNumAtomStereoCenters
15:40:04 <INFO> Registered scoring component FragmentHBondAcceptors
15:40:04 <INFO> Registered scoring component FragmentHBondDonors
15:40:04 <INFO> Registered scoring component FragmentNumRotBond
15:40:04 <INFO> Registered scoring component FragmentCsp3
15:40:04 <INFO> Registered scoring component Fragmentnumsp
15:40:04 <INFO> Registered scoring component Fragmentnumsp2
15:40:04 <INFO> Registered scoring component Fragmentnumsp3
15:40:04 <INFO> Registered scoring component FragmentEffectiveLength
15:40:04 <INFO> Registered scoring component FragmentGraphLength
15:40:04 <INFO> Registered scoring component FragmentLengthRatio
15:40:04 <INFO> Registered scoring component FragmentNumHeavyAtoms
15:40:04 <INFO> Registered scoring component FragmentNumHeteroAtoms
15:40:04 <INFO> Registered scoring component FragmentNumRings
15:40:04 <INFO> Registered scoring component FragmentNumAromaticRings
15:40:04 <INFO> Registered scoring component FragmentNumAliphaticRings
15:40:04 <INFO> Registered scoring component FragmentSlogP
15:40:04 <INFO> Registered scoring component MatchingSubstructure
15:40:04 <INFO> Registered scoring component MolVolume
15:40:04 <INFO> Registered scoring component Qed
15:40:04 <INFO> Registered scoring component SlogP
15:40:04 <INFO> Registered scoring component MolecularWeight
15:40:04 <INFO> Registered scoring component GraphLength
15:40:04 <INFO> Registered scoring component NumAtomStereoCenters
15:40:04 <INFO> Registered scoring component HBondAcceptors
15:40:04 <INFO> Registered scoring component HBondDonors
15:40:04 <INFO> Registered scoring component NumRotBond
15:40:04 <INFO> Registered scoring component Csp3
15:40:04 <INFO> Registered scoring component numsp
15:40:04 <INFO> Registered scoring component numsp2
15:40:04 <INFO> Registered scoring component numsp3
15:40:04 <INFO> Registered scoring component NumHeavyAtoms
15:40:04 <INFO> Registered scoring component NumHeteroAtoms
15:40:04 <INFO> Registered scoring component NumRings
15:40:04 <INFO> Registered scoring component NumAromaticRings
15:40:04 <INFO> Registered scoring component NumAliphaticRings
15:40:04 <INFO> Registered scoring component SlogP
15:40:04 <INFO> Registered scoring component PMI
15:40:04 <INFO> Registered scoring component RDKitDescriptors
15:40:04 <INFO> Registered scoring component TanimotoSimilarity
15:40:04 <INFO> Registered scoring component TanimotoDistance
15:40:04 <INFO> Registered scoring component TPSA
15:40:04 <INFO> Registered scoring component SAScore
15:40:06 <INFO> Registered scoring component ChemProp
15:40:06 <INFO> Registered scoring component CustomAlerts
15:40:06 <INFO> Registered scoring component DockStream
15:40:06 <INFO> Registered scoring component ExternalProcess
15:40:06 <INFO> Registered scoring component REST
15:40:06 <INFO> Registered scoring component Icolos
15:40:06 <INFO> Registered scoring component Maize
15:40:06 <INFO> Registered scoring component MMP
15:40:06 <INFO> Registered scoring component Qptuna
15:40:06 <INFO> Registered scoring component ReactionFilter
15:40:06 <INFO> Creating filter component custom_alerts
15:40:06 <INFO> Creating scoring component MolecularWeight
15:40:06 <INFO> Writing tabular data for stage to /home/bio/TrmD_drug_design_project/REINVENT/results/stage1_v2_1.csv
15:40:06 <INFO> Starting stage 1 <<<
15:40:06 <INFO> Current GPU memory usage: 485 MiB used, 23665 MiB free
15:40:37 <INFO> Score: 0.53 Agent NLL: 4.85 Valid:  98% Step: 1
 | Agent Prior Target Score SMILES SMILES_state Input_SMILES Scaffold Molecular weight Molecular weight (raw) Unwanted SMARTS Unwanted SMARTS (raw)
 | 3.9993 3.9993 123.3502 0.9949176 NCc1ccc(COc2ccc(C(N)=O)cn2)cc1 1 NCc1ccc(CNc2ccc(C(N)=O)cn2)cc1 c1ccc(COc2ccccn2)cc1 0.9949176 257.2930 1.0000000 1.0000
 | 3.1130 3.1130 124.8858 0.9999903 CN1CCN(c2cccc(CNc3ccc(C(N)=O)cn3)c2)CC1 1 NC(=O)c1ccc(NCc2cccc(N3CCNCC3)c2)nc1 c1ccc(NCc2cccc(N3CCNCC3)c2)nc1 0.9999903 325.4160 1.0000000 1.0000
 | 4.1702 4.1702 123.0505 0.9939115 C[C@H](CNc1ccc(C(N)=O)cn1)c1ccccc1 1 CC(C)(CNc1ccc(C(N)=O)cn1)c1cccc(CN)c1 c1ccc(CCNc2ccccn2)cc1 0.9939115 255.3210 1.0000000 1.0000
 | 1.9296 1.9296 126.0703 0.9999986 CN1CC(Nc2cccc(C(C)(C)CNc3ccc(C(N)=O)cn3)c2)C1 1 CC(C)(CNc1ccc(C(N)=O)cn1)c1cccc(NC2CNC2)c1 c1ccc(NCCc2cccc(NC3CNC3)c2)nc1 0.9999986 353.4700 1.0000000 1.0000
 | 10.5154 10.5154 117.4835 0.9999912 COc1ccc2ccn(Cc3ccc(C(=O)NCCF)cc3)c2c1 1 NCc1ccc(Cn2ccc3cc(C(N)=O)ccc32)cc1 c1ccc(Cn2ccc3ccccc32)cc1 0.9999912 326.3710 1.0000000 1.0000
 | 3.5756 3.5756 124.4142 0.9999204 CC(C)(CNc1ccc(C(N)=O)cn1)c1cccc(N2CCN(CCO)CC2)c1 1 CC(C)(CNc1ccc(C(N)=O)cn1)c1cccc(N2CCNCC2)c1 c1ccc(NCCc2cccc(N3CCNCC3)c2)nc1 0.9999204 397.5230 1.0000000 1.0000
 | 2.6525 2.6525 124.5682 0.9939115 CC(c1ccccc1)N(C)c1ccc(C(N)=O)cn1 1 C[C@H](Nc1ccc(C(N)=O)cn1)c1ccccc1 c1ccc(CNc2ccccn2)cc1 0.9939115 255.3210 1.0000000 1.0000
 | 3.2364 3.2364 124.7591 0.9999650 NC(=O)c1ccc(NCc2cccc(N3CCNCC3)c2)nc1 1 NC(=O)c1ccc(NCc2cccc(N3CCNC(C(F)(F)F)C3)c2)nc1 c1ccc(NCc2cccc(N3CCNCC3)c2)nc1 0.9999650 311.3890 1.0000000 1.0000
 | 1.9172 1.9172 124.9561 0.9911976 NC(=O)c1cnc2c(ccn2Cc2ccccc2)c1 1 NCc1ccc(Cn2ccc3cc(C(N)=O)cnc32)cc1 c1ccc(Cn2ccc3cccnc32)cc1 0.9911976 251.2890 1.0000000 1.0000
 | 10.0192 10.0192 117.9804 0.9999968 N#Cc1ccc(N2CCOCC2)cc1C1(Nc2ccc(C(N)=O)cc2)CC1 1 NC(=O)c1ccc(NC2(c3cccc(N4CCNCC4)c3)CC2)nc1 c1ccc(NC2(c3cccc(N4CCOCC4)c3)CC2)cc1 0.9999968 362.4330 1.0000000 1.0000
15:41:06 <INFO> Score: 0.30 Agent NLL: 5.41 Valid:  98% Step: 2
 | Agent Prior Target Score SMILES SMILES_state Input_SMILES Scaffold Molecular weight Molecular weight (raw) Unwanted SMARTS Unwanted SMARTS (raw)
 | 8.6457 8.5164 -8.5164 0.0000000 CC(C)(C)CNCc1ccc(CNc2ccc(C(N)=O)cn2)cc1 1 NCc1ccc(CNc2ccc(C(N)=O)cn2)cc1 c1ccc(CNc2ccccn2)cc1 0.9999913 326.4440 1.0000000 1.0000
 | 6.1086 5.6619 122.3372 0.9999933 NC(=O)c1cccc(NCc2ccc(F)c(N3CCNCC3)c2)n1 1 NC(=O)c1ccc(NCc2cccc(N3CCNCC3)c2)nc1 c1ccc(NCc2cccc(N3CCNCC3)c2)nc1 0.9999933 329.3790 1.0000000 1.0000
 | 3.0042 2.8066 -2.8066 0.0000000 CC(C)(CNc1ccc(C(N)=O)cn1)c1ccccc1 1 CC(C)(CNc1ccc(C(N)=O)cn1)c1cccc(CN)c1 c1ccc(CCNc2ccccn2)cc1 0.9983198 269.3480 1.0000000 1.0000
 | 1.5251 6.9212 121.0780 0.9999936 CC(C)(CNc1cccc(NC2CNC2)c1)c1cccc(Cl)c1 1 CC(C)(CNc1ccc(C(N)=O)cn1)c1cccc(NC2CNC2)c1 c1ccc(CCNc2cccc(NC3CNC3)c2)cc1 0.9999936 329.8750 1.0000000 1.0000
 | 6.4679 6.4658 -6.4658 0.0000000 N#Cc1ccccc1Cn1ccc2cc(C(=O)O)ccc21 1 NCc1ccc(Cn2ccc3cc(C(N)=O)ccc32)cc1 c1ccc(Cn2ccc3ccccc32)cc1 0.9991133 276.2950 1.0000000 1.0000
 | 6.7542 8.1537 -8.1537 0.0000000 Cc1cc(OCC(C)(C)c2cccc(-c3ccncc3)c2)ccc1C(N)=O 1 CC(C)(CNc1ccc(C(N)=O)cn1)c1cccc(N2CCNCC2)c1 c1ccc(OCCc2cccc(-c3ccncc3)c2)cc1 0.9999974 360.4570 1.0000000 1.0000
 | 4.8288 4.8736 -4.8736 0.0000000 CCNC(=O)c1ccc(N[C@@H](C)c2ccccc2)nc1 1 C[C@H](Nc1ccc(C(N)=O)cn1)c1ccccc1 c1ccc(CNc2ccccn2)cc1 0.9983198 269.3480 1.0000000 1.0000
 | 6.6986 6.9787 120.9959 0.9998016 C[C@@H]1CN(c2ccc(C(F)(F)F)c(CNc3ccc(C(N)=O)cn3)c2)C[C@H](C)N1 1 NC(=O)c1ccc(NCc2cccc(N3CCNC(C(F)(F)F)C3)c2)nc1 c1ccc(NCc2cccc(N3CCNCC3)c2)nc1 0.9998016 407.4400 1.0000000 1.0000
 | 4.5374 4.0840 -4.0840 0.0000000 CC(C)(C)OC(=O)NCCOc1ccc(Cn2ccc3cc(C(N)=O)cnc32)cc1 1 NCc1ccc(Cn2ccc3cc(C(N)=O)cnc32)cc1 c1ccc(Cn2ccc3cccnc32)cc1 0.9997377 410.4740 1.0000000 1.0000
 | 8.8676 9.3787 118.6208 0.9999965 FC(F)(F)c1cnc(NC2(c3cccc(N4CCNCC4)c3)CC2)cn1 1 NC(=O)c1ccc(NC2(c3cccc(N4CCNCC4)c3)CC2)nc1 c1cc(N2CCNCC2)cc(C2(Nc3cnccn3)CC2)c1 0.9999965 363.3870 1.0000000 1.0000
15:41:34 <INFO> Score: 0.35 Agent NLL: 6.11 Valid:  98% Step: 3
 | Agent Prior Target Score SMILES SMILES_state Input_SMILES Scaffold Molecular weight Molecular weight (raw) Unwanted SMARTS Unwanted SMARTS (raw)
 | 7.2385 8.3502 -8.3502 0.0000000 CC(C)(C)c1ccc(CNc2ncccc2C(N)=O)cc1 1 NCc1ccc(CNc2ccc(C(N)=O)cn2)cc1 c1ccc(CNc2ccccn2)cc1 0.9995378 283.3750 1.0000000 1.0000
 | 5.2710 7.0634 120.9358 0.9999933 NC(=O)c1cc(F)cc(NCc2cccc(N3CCOCC3)c2)c1 1 NC(=O)c1ccc(NCc2cccc(N3CCNCC3)c2)nc1 c1ccc(NCc2cccc(N3CCOCC3)c2)cc1 0.9999933 329.3750 1.0000000 1.0000
 | 7.9419 11.0791 116.0678 0.9933354 CC(CNc1ccc(C(N)=O)cc1)c1ccccc1 1 CC(C)(CNc1ccc(C(N)=O)cn1)c1cccc(CN)c1 c1ccc(CCNc2ccccc2)cc1 0.9933354 254.3330 1.0000000 1.0000
 | 4.4083 9.9053 -9.9053 0.0000000 CC(C)(CNc1ncccc1O)c1cccc(NC2CNC2)c1 1 CC(C)(CNc1ccc(C(N)=O)cn1)c1cccc(NC2CNC2)c1 c1ccc(NCCc2cccc(NC3CNC3)c2)nc1 0.9999682 312.4170 1.0000000 1.0000
 | 8.1768 8.8173 -8.8173 0.0000000 N#Cc1ccc(Cn2ccc3cc(C#N)ccc32)cc1 1 NCc1ccc(Cn2ccc3cc(C(N)=O)ccc32)cc1 c1ccc(Cn2ccc3ccccc32)cc1 0.9949190 257.2960 1.0000000 1.0000
 | 6.8544 3.1589 -3.1589 0.0000000 CC(C)(CNc1ncc(C(N)=O)cc1Cl)c1cccc(N2CCNCC2)c1 1 CC(C)(CNc1ccc(C(N)=O)cn1)c1cccc(N2CCNCC2)c1 c1ccc(NCCc2cccc(N3CCNCC3)c2)nc1 0.9999672 387.9150 1.0000000 1.0000
 | 4.8805 9.4558 117.6911 0.9933354 C[C@H](c1ccccc1)N(C)c1ccc(C(N)=O)cc1 1 C[C@H](Nc1ccc(C(N)=O)cn1)c1ccccc1 c1ccc(CNc2ccccc2)cc1 0.9933354 254.3330 1.0000000 1.0000
 | 5.4663 4.9593 123.0366 0.9999681 NC(=O)c1cccc(OCc2cccc(N3CCNCC3)c2)n1 1 NC(=O)c1ccc(NCc2cccc(N3CCNC(C(F)(F)F)C3)c2)nc1 c1ccc(OCc2cccc(N3CCNCC3)c2)nc1 0.9999681 312.3730 1.0000000 1.0000
 | 13.3013 12.5292 -12.5292 0.0000000 Cc1cc(Cn2ccc3cc(C(=O)NCCO)cnc32)ccc1F 1 NCc1ccc(Cn2ccc3cc(C(N)=O)cnc32)cc1 c1ccc(Cn2ccc3cccnc32)cc1 0.9999919 327.3590 1.0000000 1.0000
 | 5.5608 5.6245 122.3750 0.9999968 NC(=O)c1cccc(NC2(c3cccc(N4CCOCC4)c3)CC2)c1 1 NC(=O)c1ccc(NC2(c3cccc(N4CCNCC4)c3)CC2)nc1 c1ccc(NC2(c3cccc(N4CCOCC4)c3)CC2)cc1 0.9999968 337.4230 1.0000000 1.0000
15:42:02 <INFO> Score: 0.36 Agent NLL: 6.87 Valid:  98% Step: 4
 | Agent Prior Target Score SMILES SMILES_state Input_SMILES Scaffold Molecular weight Molecular weight (raw) Unwanted SMARTS Unwanted SMARTS (raw)
 | 5.5684 8.4526 112.7445 0.9468526 NCc1ccc(OCc2ccccc2F)cc1 1 NCc1ccc(CNc2ccc(C(N)=O)cn2)cc1 c1ccc(COc2ccccc2)cc1 0.9468526 231.2700 1.0000000 1.0000
 | 5.3285 5.8572 -5.8572 0.0000000 NC(=O)c1ccc(OCc2cc(F)cc(N3CCNCC3)c2)cc1 1 NC(=O)c1ccc(NCc2cccc(N3CCNCC3)c2)nc1 c1ccc(OCc2cccc(N3CCNCC3)c2)cc1 0.9999933 329.3750 1.0000000 1.0000
 | 5.4184 8.7216 119.2781 0.9999974 CC(C)(CNc1nccc(C(=O)O)n1)c1cccc(C(F)(F)F)c1 1 CC(C)(CNc1ccc(C(N)=O)cn1)c1cccc(CN)c1 c1ccc(CCNc2ncccn2)cc1 0.9999974 339.3170 1.0000000 1.0000
 | 17.2934 36.1086 74.4176 0.8634866 C[C@@](CNc1ccc(Cl)c(SC2COC2)c1)(c1cccc(S(C)(=O)=O)c1)C(F)(F)F 1 CC(C)(CNc1ccc(C(N)=O)cn1)c1cccc(NC2CNC2)c1 c1ccc(CCNc2cccc(SC3COC3)c2)cc1 0.8634866 479.9730 1.0000000 1.0000
 | 3.6276 4.5146 -4.5146 0.0000000 NCc1cn(Cc2ccc(Cl)cc2)c2ccccc12 1 NCc1ccc(Cn2ccc3cc(C(N)=O)ccc32)cc1 c1ccc(Cn2ccc3ccccc32)cc1 0.9985248 270.7630 1.0000000 1.0000
 | 4.7603 10.5865 -10.5865 0.0000000 CC(C)(CNc1ncccc1C(=O)O)c1cccc(C2CCNCC2)c1 1 CC(C)(CNc1ccc(C(N)=O)cn1)c1cccc(N2CCNCC2)c1 c1ccc(NCCc2cccc(C3CCNCC3)c2)nc1 0.9999986 353.4660 1.0000000 1.0000
 | 6.5423 13.0717 -13.0717 0.0000000 C[C@H](Nc1ncccc1C(=O)O)c1ccccc1 1 C[C@H](Nc1ccc(C(N)=O)cn1)c1ccccc1 c1ccc(CNc2ccccn2)cc1 0.9800417 242.2780 1.0000000 1.0000
 | 8.4906 10.6619 117.3344 0.9999708 NC(=O)c1ccnc(NCc2cccc(N3CCOCC3)c2)n1 1 NC(=O)c1ccc(NCc2cccc(N3CCNC(C(F)(F)F)C3)c2)nc1 c1cnc(NCc2cccc(N3CCOCC3)c2)nc1 0.9999708 313.3610 1.0000000 1.0000
 | 4.1520 6.2679 -6.2679 0.0000000 N#Cc1cnc2c(ccn2Cc2ccccc2)c1 1 NCc1ccc(Cn2ccc3cc(C(N)=O)cnc32)cc1 c1ccc(Cn2ccc3cccnc32)cc1 0.9554108 233.2740 1.0000000 1.0000
 | 8.5038 12.2461 115.7359 0.9998590 Fc1cccc(C2(Nc3ccc(C(F)(F)F)cn3)CC2)c1 1 NC(=O)c1ccc(NC2(c3cccc(N4CCNCC4)c3)CC2)nc1 c1ccc(C2(Nc3ccccn3)CC2)cc1 0.9998590 296.2670 1.0000000 1.0000
15:42:30 <INFO> Score: 0.41 Agent NLL: 7.56 Valid:  98% Step: 5
 | Agent Prior Target Score SMILES SMILES_state Input_SMILES Scaffold Molecular weight Molecular weight (raw) Unwanted SMARTS Unwanted SMARTS (raw)
 | 13.5799 13.5839 114.2671 0.9988357 NCc1ccc(OCc2ccc(NCCO)cn2)cc1 1 NCc1ccc(CNc2ccc(C(N)=O)cn2)cc1 c1ccc(OCc2ccccn2)cc1 0.9988357 273.3360 1.0000000 1.0000
 | 5.9334 11.3846 -11.3846 0.0000000 NC(=O)c1ccc(OCc2ccc(F)c(-c3ccccc3)c2)cc1 1 NC(=O)c1ccc(NCc2cccc(N3CCNCC3)c2)nc1 c1ccc(OCc2cccc(-c3ccccc3)c2)cc1 0.9999861 321.3510 1.0000000 1.0000
 | 10.4656 13.7805 -13.7805 0.0000000 CNC(=O)c1ccc(NCC(C)c2cccc(CN)c2)cc1 1 CC(C)(CNc1ccc(C(N)=O)cn1)c1cccc(CN)c1 c1ccc(CCNc2ccccc2)cc1 0.9998729 297.4020 1.0000000 1.0000
 | 6.2137 12.4940 115.5056 0.9999968 CC(C)(CNc1cccc(C(F)(F)F)c1)c1cccc(CC2CNC2)c1 1 CC(C)(CNc1ccc(C(N)=O)cn1)c1cccc(NC2CNC2)c1 c1ccc(NCCc2cccc(CC3CNC3)c2)cc1 0.9999968 362.4390 1.0000000 1.0000
 | 3.8622 4.5146 -4.5146 0.0000000 NCc1cn(Cc2ccc(Cl)cc2)c2ccccc12 1 NCc1ccc(Cn2ccc3cc(C(N)=O)ccc32)cc1 c1ccc(Cn2ccc3ccccc32)cc1 0.9985248 270.7630 1.0000000 1.0000
 | 9.0337 12.2291 115.7706 0.9999977 CC(C)(/C=C/c1cccc(N2CCNCC2)c1)c1ccc(Cl)cc1 1 CC(C)(CNc1ccc(C(N)=O)cn1)c1cccc(N2CCNCC2)c1 C(=C/c1cccc(N2CCNCC2)c1)\Cc1ccccc1 0.9999977 340.8980 1.0000000 1.0000
 | 7.0174 6.9240 -6.9240 0.0000000 CC(Nc1ncc(C(N)=O)cc1Br)c1ccccc1 1 C[C@H](Nc1ccc(C(N)=O)cn1)c1ccccc1 c1ccc(CNc2ccccn2)cc1 0.9999844 320.1900 1.0000000 1.0000
 | 7.7077 14.3742 113.6209 0.9999616 NC(=O)c1cccc(COc2cccc(C3CCNCC3)c2)c1 1 NC(=O)c1ccc(NCc2cccc(N3CCNC(C(F)(F)F)C3)c2)nc1 c1ccc(COc2cccc(C3CCNCC3)c2)cc1 0.9999616 310.3970 1.0000000 1.0000
 | 4.0351 5.6622 -5.6622 0.0000000 NCc1cccc(Cn2ccc3cc(C(N)=O)cnc32)c1 1 NCc1ccc(Cn2ccc3cc(C(N)=O)cnc32)cc1 c1ccc(Cn2ccc3cccnc32)cc1 0.9993883 280.3310 1.0000000 1.0000
 | 15.4013 21.6418 105.9189 0.9965683 O=C(O)c1ccc(C[C@]2(Nc3cc(C(F)(F)F)ccn3)C[C@H]2F)cc1N1CCNCC1 1 NC(=O)c1ccc(NC2(c3cccc(N4CCNCC4)c3)CC2)nc1 c1ccc(NC2(Cc3cccc(N4CCNCC4)c3)CC2)nc1 0.9965683 438.4250 1.0000000 1.0000
15:42:59 <INFO> Score: 0.48 Agent NLL: 8.25 Valid:  97% Step: 6
 | Agent Prior Target Score SMILES SMILES_state Input_SMILES Scaffold Molecular weight Molecular weight (raw) Unwanted SMARTS Unwanted SMARTS (raw)
 | 6.3677 10.6430 -10.6430 0.0000000 N#Cc1ccc(OCc2ccc(CN)cc2)cc1 1 NCc1ccc(CNc2ccc(C(N)=O)cn2)cc1 c1ccc(COc2ccccc2)cc1 0.9714363 238.2900 1.0000000 1.0000
 | 7.5214 10.9702 117.0296 0.9999987 NC(=O)c1cc(F)cc(OCc2cc(F)cc(N3CCNCC3)c2)c1 1 NC(=O)c1ccc(NCc2cccc(N3CCNCC3)c2)nc1 c1ccc(OCc2cccc(N3CCNCC3)c2)cc1 0.9999987 347.3650 1.0000000 1.0000
 | 8.5218 14.8622 -14.8622 0.0000000 CC(C)(CNc1ccc(C#N)cn1)c1cccc(CO)c1 1 CC(C)(CNc1ccc(C(N)=O)cn1)c1cccc(CN)c1 c1ccc(CCNc2ccccn2)cc1 0.9994436 281.3590 1.0000000 1.0000
 | 12.3819 37.1532 -37.1532 0.0000000 C[C@H](CNc1cccc(OCC(F)F)c1)c1cccc(OC2CN(C)C2)c1 1 CC(C)(CNc1ccc(C(N)=O)cn1)c1cccc(NC2CNC2)c1 c1ccc(NCCc2cccc(OC3CNC3)c2)cc1 0.9999886 376.4470 1.0000000 1.0000
 | 4.9480 6.2421 -6.2421 0.0000000 N#Cc1cn(Cc2ccc(F)cc2)c2ccccc12 1 NCc1ccc(Cn2ccc3cc(C(N)=O)ccc32)cc1 c1ccc(Cn2ccc3ccccc32)cc1 0.9903451 250.2760 1.0000000 1.0000
 | 8.2136 18.1678 109.8316 0.9999951 CC(CNc1nccc(N2CCOCC2)n1)c1cccc(Cl)c1 1 CC(C)(CNc1ccc(C(N)=O)cn1)c1cccc(N2CCNCC2)c1 c1ccc(CCNc2nccc(N3CCOCC3)n2)cc1 0.9999951 332.8350 1.0000000 1.0000
 | 4.1038 3.2319 -3.2319 0.0000000 CC(Nc1nccc(C(N)=O)n1)c1ccccc1 1 C[C@H](Nc1ccc(C(N)=O)cn1)c1ccccc1 c1ccc(CNc2ncccn2)cc1 0.9800489 242.2820 1.0000000 1.0000
 | 7.3696 12.1050 115.8935 0.9999883 NC(=O)c1cccc(OCc2cc(F)cc(-c3ccccn3)c2)n1 1 NC(=O)c1ccc(NCc2cccc(N3CCNC(C(F)(F)F)C3)c2)nc1 c1ccc(OCc2cccc(-c3ccccn3)c2)nc1 0.9999883 323.3270 1.0000000 1.0000
 | 11.3870 14.0398 -14.0398 0.0000000 CN(C)CCNC(=O)c1ccnc2c1ccn2Cc1ccc(C#N)cc1 1 NCc1ccc(Cn2ccc3cc(C(N)=O)cnc32)cc1 c1ccc(Cn2ccc3cccnc32)cc1 0.9999987 347.4220 1.0000000 1.0000
 | 11.6220 19.9360 108.0604 0.9999713 CC1(C)CN(c2cncc([C@@]3(Nc4ccc(C(N)=O)cn4)C[C@@H]3F)n2)CCO1 1 NC(=O)c1ccc(NC2(c3cccc(N4CCNCC4)c3)CC2)nc1 c1ccc(NC2(c3cncc(N4CCOCC4)n3)CC2)nc1 0.9999713 386.4310 1.0000000 1.0000
15:43:26 <INFO> Score: 0.58 Agent NLL: 8.98 Valid:  96% Step: 7
 | Agent Prior Target Score SMILES SMILES_state Input_SMILES Scaffold Molecular weight Molecular weight (raw) Unwanted SMARTS Unwanted SMARTS (raw)
 | 5.5110 11.1499 -11.1499 0.0000000 N=C(N)c1ccc(OCc2ccc(O)cc2)cc1 1 NCc1ccc(CNc2ccc(C(N)=O)cn2)cc1 c1ccc(COc2ccccc2)cc1 0.9800417 242.2780 1.0000000 1.0000
 | 10.5607 20.6874 107.3110 0.9999872 NC(=O)c1ncccc1OCc1cc(F)cc(-c2ccccc2)c1 1 NC(=O)c1ccc(NCc2cccc(N3CCNCC3)c2)nc1 c1ccc(-c2cccc(COc3cccnc3)c2)cc1 0.9999872 322.3390 1.0000000 1.0000
 | 9.1269 17.5506 106.8076 0.9715486 CC(/C=C/c1cccnc1)c1cccc(CN)c1 1 CC(C)(CNc1ccc(C(N)=O)cn1)c1cccc(CN)c1 C(=C/c1cccnc1)\Cc1ccccc1 0.9715486 238.3340 1.0000000 1.0000
 | 11.9016 39.9662 88.0316 0.9999824 CC(CNc1cccc(OC2COC2)n1)c1cccc(Cl)c1 1 CC(C)(CNc1ccc(C(N)=O)cn1)c1cccc(NC2CNC2)c1 c1ccc(CCNc2cccc(OC3COC3)n2)cc1 0.9999824 318.8040 1.0000000 1.0000
 | 8.1587 9.4246 -9.4246 0.0000000 NCCCc1cn(Cc2ccc(Cl)cc2)c2ccccc12 1 NCc1ccc(Cn2ccc3cc(C(N)=O)ccc32)cc1 c1ccc(Cn2ccc3ccccc32)cc1 0.9998885 298.8170 1.0000000 1.0000
 | 8.1940 25.5601 102.4336 0.9999502 CC(C)(/C=C/c1ccc(F)c(N2CCNCC2)c1)c1ccc(C(F)(F)F)cc1 1 CC(C)(CNc1ccc(C(N)=O)cn1)c1cccc(N2CCNCC2)c1 C(=C/c1cccc(N2CCNCC2)c1)\Cc1ccccc1 0.9999502 392.4400 1.0000000 1.0000
 | 10.2246 20.0865 107.7498 0.9987209 CC(Nc1ncccc1C(F)(F)F)C1CCCCC1 1 C[C@H](Nc1ccc(C(N)=O)cn1)c1ccccc1 c1ccc(NCC2CCCCC2)nc1 0.9987209 272.3140 1.0000000 1.0000
 | 10.4023 17.8782 110.1213 0.9999959 Cc1nc(NCc2ccc(F)c(-c3cccc(CO)c3)c2)ccc1C(N)=O 1 NC(=O)c1ccc(NCc2cccc(N3CCNC(C(F)(F)F)C3)c2)nc1 c1ccc(-c2cccc(CNc3ccccn3)c2)cc1 0.9999959 365.4080 1.0000000 1.0000
 | 4.9642 10.3770 -10.3770 0.0000000 N#Cc1ccc(Cn2ccc3cc(C#N)cnc32)cc1 1 NCc1ccc(Cn2ccc3cc(C(N)=O)cnc32)cc1 c1ccc(Cn2ccc3cccnc32)cc1 0.9953589 258.2840 1.0000000 1.0000
 | 6.5289 6.8354 121.1625 0.9999833 N#Cc1ncccc1NC1(c2cccc(N3CCNCC3)c2)CC1 1 NC(=O)c1ccc(NC2(c3cccc(N4CCNCC4)c3)CC2)nc1 c1cncc(NC2(c3cccc(N4CCNCC4)c3)CC2)c1 0.9999833 319.4120 1.0000000 1.0000
15:43:53 <INFO> Score: 0.65 Agent NLL: 9.77 Valid:  96% Step: 8
 | Agent Prior Target Score SMILES SMILES_state Input_SMILES Scaffold Molecular weight Molecular weight (raw) Unwanted SMARTS Unwanted SMARTS (raw)
 | 7.6700 12.4507 114.1243 0.9888669 NCc1ccc(OCc2ccnc(Cl)c2)cc1 1 NCc1ccc(CNc2ccc(C(N)=O)cn2)cc1 c1ccc(OCc2ccncc2)cc1 0.9888669 248.7130 1.0000000 1.0000
 | 10.8695 20.2522 107.7463 0.9999881 CC1CN(c2nccc(CNc3ncc(C(N)=O)cc3Cl)n2)CC(C)O1 1 NC(=O)c1ccc(NCc2cccc(N3CCNCC3)c2)nc1 c1ccc(NCc2ccnc(N3CCOCC3)n2)nc1 0.9999881 376.8480 1.0000000 1.0000
 | 12.5848 28.7911 98.0868 0.9912329 CC(C)(Cc1ccccn1)Nc1cccc(C#N)c1 1 CC(C)(CNc1ccc(C(N)=O)cn1)c1cccc(CN)c1 c1ccc(NCCc2ccccn2)cc1 0.9912329 251.3330 1.0000000 1.0000
 | 6.4116 9.9087 117.8762 0.9983198 c1ccc(NCCc2cccc(OC3CNC3)c2)nc1 1 CC(C)(CNc1ccc(C(N)=O)cn1)c1cccc(NC2CNC2)c1 c1ccc(NCCc2cccc(OC3CNC3)c2)nc1 0.9983198 269.3480 1.0000000 1.0000
 | 5.2980 6.9795 -6.9795 0.0000000 O=C(O)Cc1ccc(Cn2ccc3ccccc32)cc1 1 NCc1ccc(Cn2ccc3cc(C(N)=O)ccc32)cc1 c1ccc(Cn2ccc3ccccc32)cc1 0.9975653 265.3120 1.0000000 1.0000
 | 24.2751 48.7382 79.2560 0.9999544 CC(C)(C)[C@@](O)(CNc1ccc([N+](=O)[O-])cc1)c1cccc(-c2cccnc2)c1 1 CC(C)(CNc1ccc(C(N)=O)cn1)c1cccc(N2CCNCC2)c1 c1ccc(NCCc2cccc(-c3cccnc3)c2)cc1 0.9999544 391.4710 1.0000000 1.0000
 | 5.5226 13.6345 85.2684 0.7726792 Cc1cnc(N[C@@H](C)c2ccccc2)nc1 1 C[C@H](Nc1ccc(C(N)=O)cn1)c1ccccc1 c1ccc(CNc2ncccn2)cc1 0.7726792 213.2840 1.0000000 1.0000
 | 7.7319 21.7268 106.2722 0.9999920 C[C@@H]1CN(c2ccnc(COc3ccc(C(N)=O)nc3)c2)CCN1 1 NC(=O)c1ccc(NCc2cccc(N3CCNC(C(F)(F)F)C3)c2)nc1 c1cncc(OCc2cc(N3CCNCC3)ccn2)c1 0.9999920 327.3880 1.0000000 1.0000
 | 11.1064 13.5603 114.3984 0.9996771 NC(=O)c1cnc2ccn(Cc3ccc(F)cc3F)c2c1 1 NCc1ccc(Cn2ccc3cc(C(N)=O)cnc32)cc1 c1ccc(Cn2ccc3ncccc32)cc1 0.9996771 287.2690 1.0000000 1.0000
 | 6.8352 20.1326 107.8663 0.9999921 N#Cc1cncc(-c2cccc([C@]3(Nc4ccc(C(N)=O)cc4)C[C@H]3F)c2)c1 1 NC(=O)c1ccc(NC2(c3cccc(N4CCNCC4)c3)CC2)nc1 c1ccc(NC2(c3cccc(-c4cccnc4)c3)CC2)cc1 0.9999921 372.4030 1.0000000 1.0000
15:44:19 <INFO> Score: 0.70 Agent NLL: 10.60 Valid:  96% Step: 9
 | Agent Prior Target Score SMILES SMILES_state Input_SMILES Scaffold Molecular weight Molecular weight (raw) Unwanted SMARTS Unwanted SMARTS (raw)
 | 9.2865 24.1444 -24.1444 0.0000000 OCc1cccc(OCc2ccccn2)c1 1 NCc1ccc(CNc2ccc(C(N)=O)cn2)cc1 c1ccc(OCc2ccccn2)cc1 0.8029383 215.2520 1.0000000 1.0000
 | 10.1150 20.1866 107.8112 0.9999832 Cc1cc(C(N)=O)ccc1OCc1cccc(-c2ccnnc2)c1 1 NC(=O)c1ccc(NCc2cccc(N3CCNCC3)c2)nc1 c1ccc(OCc2cccc(-c3ccnnc3)c2)cc1 0.9999832 319.3640 1.0000000 1.0000
 | 10.1428 20.1314 107.6721 0.9984652 CNC(=O)c1ccc(OC[C@@H](C)c2ccccc2)nc1 1 CC(C)(CNc1ccc(C(N)=O)cn1)c1cccc(CN)c1 c1ccc(CCOc2ccccn2)cc1 0.9984652 270.3320 1.0000000 1.0000
 | 10.7554 38.5724 89.4270 0.9999956 CC(C)(COc1cncc(OC2COC2)c1)c1cccc(Cl)c1 1 CC(C)(CNc1ccc(C(N)=O)cn1)c1cccc(NC2CNC2)c1 c1ccc(CCOc2cncc(OC3COC3)c2)cc1 0.9999956 333.8150 1.0000000 1.0000
 | 7.5200 12.0971 -12.0971 0.0000000 NCCc1cn(Cc2ccccc2)c2ccc(O)cc12 1 NCc1ccc(Cn2ccc3cc(C(N)=O)ccc32)cc1 c1ccc(Cn2ccc3ccccc32)cc1 0.9977854 266.3440 1.0000000 1.0000
 | 12.4610 16.6357 111.3636 0.9999953 CC(CNc1ccc(C(=O)O)c(Cl)c1)c1cccc(-c2ccncc2)c1 1 CC(C)(CNc1ccc(C(N)=O)cn1)c1cccc(N2CCNCC2)c1 c1ccc(NCCc2cccc(-c3ccncc3)c2)cc1 0.9999953 366.8480 1.0000000 1.0000
 | 6.5223 8.5184 -8.5184 0.0000000 CC(Nc1nccc(C(=O)O)n1)c1ccccc1 1 C[C@H](Nc1ccc(C(N)=O)cn1)c1ccccc1 c1ccc(CNc2ncccn2)cc1 0.9817460 243.2660 1.0000000 1.0000
 | 11.8475 10.8261 117.1460 0.9997828 CC1(C)CN(c2ccc(C(F)(F)F)c(OCc3ccc(C(N)=O)cn3)c2)CCN1 1 NC(=O)c1ccc(NCc2cccc(N3CCNC(C(F)(F)F)C3)c2)nc1 c1ccc(COc2cccc(N3CCNCC3)c2)nc1 0.9997828 408.4240 1.0000000 1.0000
 | 11.5421 20.6962 -20.6962 0.0000000 COc1cnc2c(ccn2Cc2ccc(CCNCCF)cc2)c1 1 NCc1ccc(Cn2ccc3cc(C(N)=O)cnc32)cc1 c1ccc(Cn2ccc3cccnc32)cc1 0.9999920 327.4030 1.0000000 1.0000
 | 10.0573 22.9494 105.0504 0.9999983 Cc1cc(NC2(c3cccc(-c4cccnc4)c3)CC2)nc(C(N)=O)c1 1 NC(=O)c1ccc(NC2(c3cccc(N4CCNCC4)c3)CC2)nc1 c1ccc(NC2(c3cccc(-c4cccnc4)c3)CC2)nc1 0.9999983 344.4180 1.0000000 1.0000
15:44:46 <INFO> Score: 0.73 Agent NLL: 11.48 Valid:  95% Step: 10
 | Agent Prior Target Score SMILES SMILES_state Input_SMILES Scaffold Molecular weight Molecular weight (raw) Unwanted SMARTS Unwanted SMARTS (raw)
 | 8.3199 14.3919 -14.3919 0.0000000 N=C(N)c1ccc(CNc2ccncc2)cc1 1 NCc1ccc(CNc2ccc(C(N)=O)cn2)cc1 c1ccc(CNc2ccncc2)cc1 0.9183963 226.2830 1.0000000 1.0000
 | 7.8074 9.9384 118.0538 0.9999388 NC(=O)c1ccc(OCc2cccc(-c3ccccn3)c2)nc1 1 NC(=O)c1ccc(NCc2cccc(N3CCNCC3)c2)nc1 c1ccc(OCc2cccc(-c3ccccn3)c2)nc1 0.9999388 305.3370 1.0000000 1.0000
 | 10.7194 34.7572 92.5923 0.9949176 CC(=O)Nc1ccc(OCCc2ccncc2)cn1 1 CC(C)(CNc1ccc(C(N)=O)cn1)c1cccc(CN)c1 c1cncc(OCCc2ccncc2)c1 0.9949176 257.2930 1.0000000 1.0000
 | 20.1173 80.7041 41.1938 0.9523277 C[C](CNc1ccc(C(F)(F)F)cc1F)c1cncc(CC2CN(C(=O)OC(C)(C)C)C2)n1 1 CC(C)(CNc1ccc(C(N)=O)cn1)c1cccc(NC2CNC2)c1 [CH](CNc1ccccc1)c1cncc(CC2CNC2)n1 0.9523277 467.4870 1.0000000 1.0000
 | 6.5698 4.5312 -4.5312 0.0000000 NCCc1ccc(Cn2ccc3cc(F)ccc32)cc1 1 NCc1ccc(Cn2ccc3cc(C(N)=O)ccc32)cc1 c1ccc(Cn2ccc3ccccc32)cc1 0.9981558 268.3350 1.0000000 1.0000
 | 14.9074 22.9586 104.9296 0.9991267 CC(C)(CNc1cncc(-c2ccccc2C(N)=O)c1)c1cccc(S(C)(=O)=O)c1 1 CC(C)(CNc1ccc(C(N)=O)cn1)c1cccc(N2CCNCC2)c1 c1ccc(CCNc2cncc(-c3ccccc3)c2)cc1 0.9991267 423.5380 1.0000000 1.0000
 | 16.1497 33.9215 94.0716 0.9999464 Cc1ncc(C(=O)NO)c(N[C@H](C)c2ccc(Cl)cc2)n1 1 C[C@H](Nc1ccc(C(N)=O)cn1)c1ccccc1 c1ccc(CNc2ccncn2)cc1 0.9999464 306.7530 1.0000000 1.0000
 | 11.8210 27.7652 100.2151 0.9998461 Cc1cnc(NCc2nccc(-c3cccc(F)c3)n2)nc1 1 NC(=O)c1ccc(NCc2cccc(N3CCNC(C(F)(F)F)C3)c2)nc1 c1ccc(-c2ccnc(CNc3ncccn3)n2)cc1 0.9998461 295.3210 1.0000000 1.0000
 | 11.1975 24.4421 103.5577 0.9999989 NCc1cc2ncc(C(N)=O)nc2n1Cc1ccc(C(F)(F)F)cc1 1 NCc1ccc(Cn2ccc3cc(C(N)=O)cnc32)cc1 c1ccc(Cn2ccc3nccnc32)cc1 0.9999989 349.3160 1.0000000 1.0000
 | 16.2625 22.4863 105.5128 0.9999934 CC1(C)CNCCN1c1cccc(C2(CN3CCC(C(N)=O)CC3)CC2)c1 1 NC(=O)c1ccc(NC2(c3cccc(N4CCNCC4)c3)CC2)nc1 c1cc(N2CCNCC2)cc(C2(CN3CCCCC3)CC2)c1 0.9999934 370.5410 1.0000000 1.0000
15:45:12 <INFO> Score: 0.78 Agent NLL: 11.98 Valid:  95% Step: 11
 | Agent Prior Target Score SMILES SMILES_state Input_SMILES Scaffold Molecular weight Molecular weight (raw) Unwanted SMARTS Unwanted SMARTS (raw)
 | 10.6540 19.1507 100.7693 0.9368750 NCc1ccc(NCc2cccc(N)n2)nc1 1 NCc1ccc(CNc2ccc(C(N)=O)cn2)cc1 c1ccc(CNc2ccccn2)nc1 0.9368750 229.2870 1.0000000 1.0000
 | 10.6145 38.7272 89.2650 0.9999388 NC(=O)c1ccc(CCc2nccc(-c3cncnc3)n2)cc1 1 NC(=O)c1ccc(NCc2cccc(N3CCNCC3)c2)nc1 c1ccc(CCc2nccc(-c3cncnc3)n2)cc1 0.9999388 305.3410 1.0000000 1.0000
 | 16.1972 25.2509 -25.2509 0.0000000 CCc1cccc(CCN(C)c2ccc(C(=O)NC)cc2)c1 1 CC(C)(CNc1ccc(C(N)=O)cn1)c1cccc(CN)c1 c1ccc(CCNc2ccccc2)cc1 0.9998609 296.4140 1.0000000 1.0000
 | 11.7489 35.4727 92.5202 0.9999446 CC(CNc1ccc(C#N)cc1)c1cccc(CC2COC2)c1 1 CC(C)(CNc1ccc(C(N)=O)cn1)c1cccc(NC2CNC2)c1 c1ccc(NCCc2cccc(CC3COC3)c2)cc1 0.9999446 306.4090 1.0000000 1.0000
 | 7.2118 5.6992 -5.6992 0.0000000 N#Cc1cn(Cc2ccc(Cl)cc2)c2ccccc12 1 NCc1ccc(Cn2ccc3cc(C(N)=O)ccc32)cc1 c1ccc(Cn2ccc3ccccc32)cc1 0.9978629 266.7310 1.0000000 1.0000
 | 12.6757 27.9720 99.7371 0.9977278 CC(C)(CNc1nccc(-c2ccc(F)cc2S(C)(=O)=O)n1)c1ccc(Cl)cc1 1 CC(C)(CNc1ccc(C(N)=O)cn1)c1cccc(N2CCNCC2)c1 c1ccc(CCNc2nccc(-c3ccccc3)n2)cc1 0.9977278 433.9360 1.0000000 1.0000
 | 12.5986 25.9019 94.0126 0.9368315 CC(Oc1ccc(CO)cc1)c1cccnc1 1 C[C@H](Nc1ccc(C(N)=O)cn1)c1ccccc1 c1ccc(OCc2cccnc2)cc1 0.9368315 229.2790 1.0000000 1.0000
 | 10.1040 42.7421 85.2572 0.9999949 FC(F)(F)c1ccnc(NCc2cncc(-c3ccncn3)c2)n1 1 NC(=O)c1ccc(NCc2cccc(N3CCNC(C(F)(F)F)C3)c2)nc1 c1cnc(NCc2cncc(-c3ccncn3)c2)nc1 0.9999949 332.2890 1.0000000 1.0000
 | 12.9969 40.3346 87.6180 0.9996295 NCCc1ccc(Cn2cnc3ccccc32)c(Cl)c1 1 NCc1ccc(Cn2ccc3cc(C(N)=O)cnc32)cc1 c1ccc(Cn2cnc3ccccc32)cc1 0.9996295 285.7780 1.0000000 1.0000
 | 10.5403 26.8256 101.1736 0.9999939 NC(=O)c1ccc(-c2cc(C3(Cc4ccncc4)CC3)ccn2)cn1 1 NC(=O)c1ccc(NC2(c3cccc(N4CCNCC4)c3)CC2)nc1 c1cncc(-c2cc(C3(Cc4ccncc4)CC3)ccn2)c1 0.9999939 330.3910 1.0000000 1.0000
15:45:39 <INFO> Score: 0.79 Agent NLL: 12.40 Valid:  95% Step: 12
 | Agent Prior Target Score SMILES SMILES_state Input_SMILES Scaffold Molecular weight Molecular weight (raw) Unwanted SMARTS Unwanted SMARTS (raw)
 | 12.9350 25.8570 102.1355 0.9999415 Cc1nc(OCc2ccc(Cl)nc2)ccc1CCN(C)C 1 NCc1ccc(CNc2ccc(C(N)=O)cn2)cc1 c1ccc(OCc2cccnc2)nc1 0.9999415 305.8090 1.0000000 1.0000
 | 9.7506 21.2601 106.7397 0.9999989 NC(=O)c1ccc(OCc2cc(-c3cccnc3)cc([N+](=O)[O-])c2)cc1 1 NC(=O)c1ccc(NCc2cccc(N3CCNCC3)c2)nc1 c1ccc(OCc2cccc(-c3cccnc3)c2)cc1 0.9999989 349.3460 1.0000000 1.0000
 | 16.0809 34.0139 93.9854 0.9999946 CC(C)N(CCc1ncc(C#N)cc1Cl)c1nccc(CO)n1 1 CC(C)(CNc1ccc(C(N)=O)cn1)c1cccc(CN)c1 c1ccc(CCNc2ncccn2)nc1 0.9999946 331.8070 1.0000000 1.0000
 | 14.4894 49.3353 78.6640 0.9999945 CC(C)(COc1cncc(C#N)c1)c1cccc(S[C@H]2CCC[C@@H]2O)c1 1 CC(C)(CNc1ccc(C(N)=O)cn1)c1cccc(NC2CNC2)c1 c1cncc(OCCc2cccc(SC3CCCC3)c2)c1 0.9999945 368.5020 1.0000000 1.0000
 | 5.7141 6.1708 -6.1708 0.0000000 N#Cc1cccc(Cn2ccc3cc(F)ccc32)c1 1 NCc1ccc(Cn2ccc3cc(C(N)=O)ccc32)cc1 c1ccc(Cn2ccc3ccccc32)cc1 0.9903451 250.2760 1.0000000 1.0000
 | 14.6813 48.1422 -48.1422 0.0000000 C[C@]1(c2cc([C@@H](O)COc3ncc(C(F)(F)F)cn3)ccc2F)CC[C@H](N)CC(F)(F)F 0 CC(C)(CNc1ccc(C(N)=O)cn1)c1cccc(N2CCNCC2)c1 -- 0.0000000 0.0000 0.0000000 0.0000
 | 8.1483 7.5185 -7.5185 0.0000000 CC(Nc1ccc(C(N)=O)cn1)C1CCCCC1 1 C[C@H](Nc1ccc(C(N)=O)cn1)c1ccccc1 c1ccc(NCC2CCCCC2)nc1 0.9873874 247.3420 1.0000000 1.0000
 | 15.2606 40.9128 87.0869 0.9999979 Cc1nc(NCc2cncc(-c3ccc(CO)nc3)c2)nc(C(F)F)n1 1 NC(=O)c1ccc(NCc2cccc(N3CCNC(C(F)(F)F)C3)c2)nc1 c1cncc(-c2cncc(CNc3ncncn3)c2)c1 0.9999979 358.3520 1.0000000 1.0000
 | 8.6249 14.4139 113.5412 0.9996494 CCOC(=O)c1cnc2c(ccn2CC2CCCCC2)c1 1 NCc1ccc(Cn2ccc3cc(C(N)=O)cnc32)cc1 c1cnc2c(c1)ccn2CC1CCCCC1 0.9996494 286.3750 1.0000000 1.0000
 | 9.8158 33.7354 94.2645 0.9999990 NC(=O)c1ccc(-c2ccnc(C3(Nc4ccc(F)cn4)CC3)n2)cn1 1 NC(=O)c1ccc(NC2(c3cccc(N4CCNCC4)c3)CC2)nc1 c1ccc(NC2(c3nccc(-c4cccnc4)n3)CC2)nc1 0.9999990 350.3570 1.0000000 1.0000
15:46:05 <INFO> Score: 0.83 Agent NLL: 13.05 Valid:  94% Step: 13
 | Agent Prior Target Score SMILES SMILES_state Input_SMILES Scaffold Molecular weight Molecular weight (raw) Unwanted SMARTS Unwanted SMARTS (raw)
 | 14.7934 28.6724 91.2476 0.9368750 Cc1ccnc(NCc2cc(CN)ccn2)n1 1 NCc1ccc(CNc2ccc(C(N)=O)cn2)cc1 c1ccc(CNc2ncccn2)nc1 0.9368750 229.2870 1.0000000 1.0000
 | 15.0220 38.3120 89.6879 0.9999987 Cc1cc(C(N)=O)nc(C)c1/C=C/c1cncc(-c2cccc(F)c2)c1 1 NC(=O)c1ccc(NCc2cccc(N3CCNCC3)c2)nc1 C(=C/c1cncc(-c2ccccc2)c1)\c1cccnc1 0.9999987 347.3930 1.0000000 1.0000
 | 15.9065 36.9502 -36.9502 0.0000000 C[C@H](COc1ncc(CO)cc1O)c1ccccc1 1 CC(C)(CNc1ccc(C(N)=O)cn1)c1cccc(CN)c1 c1ccc(CCOc2ccccn2)cc1 0.9957737 259.3050 1.0000000 1.0000
 | 14.9594 41.6557 86.3430 0.9999896 CC(C)(CSc1ccc(C(N)=O)cc1F)c1ccnc(OC2CNC2)c1 1 CC(C)(CNc1ccc(C(N)=O)cn1)c1cccc(NC2CNC2)c1 c1ccc(SCCc2ccnc(OC3CNC3)c2)cc1 0.9999896 375.4690 1.0000000 1.0000
 | 12.6306 30.2594 97.7352 0.9999578 CC(C)(C)c1nc2cc(C(=O)O)ccc2n1Cc1cccnc1 1 NCc1ccc(Cn2ccc3cc(C(N)=O)ccc32)cc1 c1cncc(Cn2cnc3ccccc32)c1 0.9999578 309.3690 1.0000000 1.0000
 | 9.5318 39.7866 88.2042 0.9999281 C[C@H]1CN(c2nccc([C@@H](C)CNc3nccc(C(F)(F)F)n3)n2)C[C@H](C)O1 1 CC(C)(CNc1ccc(C(N)=O)cn1)c1cccc(N2CCNCC2)c1 c1cnc(NCCc2ccnc(N3CCOCC3)n2)nc1 0.9999281 396.4170 1.0000000 1.0000
 | 9.8399 18.2863 -18.2863 0.0000000 CC(c1ccccc1)N(C)c1nccc(C(F)(F)F)n1 1 C[C@H](Nc1ccc(C(N)=O)cn1)c1ccccc1 c1ccc(CNc2ncccn2)cc1 0.9994395 281.2810 1.0000000 1.0000
 | 12.7501 40.9723 -40.9723 0.0000000 NC(=O)c1ccc(OCc2cccn(-c3ncccn3)c2)nc1 0 NC(=O)c1ccc(NCc2cccc(N3CCNC(C(F)(F)F)C3)c2)nc1 -- 0.0000000 0.0000 0.0000000 0.0000
 | 9.1197 47.0497 80.9307 0.9998465 NCCc1cccc(Cn2ncc3cc(C(N)=O)ccc32)n1 1 NCc1ccc(Cn2ccc3cc(C(N)=O)cnc32)cc1 c1ccc(Cn2ncc3ccccc32)nc1 0.9998465 295.3460 1.0000000 1.0000
 | 12.2247 49.7746 78.2230 0.9999815 O=C(O)c1cncc(C2(c3cccc(-c4cncnc4)n3)CC2)c1 1 NC(=O)c1ccc(NC2(c3cccc(N4CCNCC4)c3)CC2)nc1 c1cncc(C2(c3cccc(-c4cncnc4)n3)CC2)c1 0.9999815 318.3360 1.0000000 1.0000
15:46:32 <INFO> Score: 0.84 Agent NLL: 13.39 Valid:  93% Step: 14
 | Agent Prior Target Score SMILES SMILES_state Input_SMILES Scaffold Molecular weight Molecular weight (raw) Unwanted SMARTS Unwanted SMARTS (raw)
 | 12.8779 21.0770 -21.0770 0.0000000 COC(=O)c1nccnc1NCc1ccccc1 1 NCc1ccc(CNc2ccc(C(N)=O)cn2)cc1 c1ccc(CNc2cnccn2)cc1 0.9817460 243.2660 1.0000000 1.0000
 | 14.3773 34.0559 93.9432 0.9999927 CC1CCCN(c2nccc(CNc3ccc(C(=O)O)nn3)n2)C1 1 NC(=O)c1ccc(NCc2cccc(N3CCNCC3)c2)nc1 c1cnnc(NCc2ccnc(N3CCCCC3)n2)c1 0.9999927 328.3760 1.0000000 1.0000
 | 16.8809 58.1764 69.8225 0.9999914 C[C](c1cccc(OCCc2ccnc(C(F)(F)F)n2)c1)S(C)(=O)=O 1 CC(C)(CNc1ccc(C(N)=O)cn1)c1cccc(CN)c1 c1ccc(OCCc2ccncn2)cc1 0.9999914 373.3760 1.0000000 1.0000
 | 21.5840 28.8583 99.1315 0.9999204 CCN1CC(Oc2cc(C(C)(C)CNc3ncc(C(N)=O)cc3C)ncc2C)C1 1 CC(C)(CNc1ccc(C(N)=O)cn1)c1cccc(NC2CNC2)c1 c1ccc(NCCc2cc(OC3CNC3)ccn2)nc1 0.9999204 397.5230 1.0000000 1.0000
 | 8.7139 21.0583 106.9077 0.9997341 CC(C)(C)c1cn(Cc2cccnc2)c2ccc(C#N)cc12 1 NCc1ccc(Cn2ccc3cc(C(N)=O)ccc32)cc1 c1cncc(Cn2ccc3ccccc32)c1 0.9997341 289.3820 1.0000000 1.0000
 | 15.0403 86.0938 41.8941 0.9999056 C#Cc1ncccc1-c1cnnc(C(C)(C)COc2ccc(C(F)(F)F)cn2)n1 1 CC(C)(CNc1ccc(C(N)=O)cn1)c1cccc(N2CCNCC2)c1 c1ccc(OCCc2nncc(-c3cccnc3)n2)nc1 0.9999056 399.3760 1.0000000 1.0000
 | 12.1475 36.8062 78.8315 0.9034194 CC(Oc1ccc(F)cc1)C1CCOCC1 1 C[C@H](Nc1ccc(C(N)=O)cn1)c1ccccc1 c1ccc(OCC2CCOCC2)cc1 0.9034194 224.2750 1.0000000 1.0000
 | 9.5893 39.5405 88.4580 0.9999883 NC(=O)c1cccc(OCc2cncc(-c3ccnc(F)c3)c2)c1 1 NC(=O)c1ccc(NCc2cccc(N3CCNC(C(F)(F)F)C3)c2)nc1 c1ccc(OCc2cncc(-c3ccncc3)c2)cc1 0.9999883 323.3270 1.0000000 1.0000
 | 7.9163 35.7588 92.2346 0.9999489 NCc1cnc2cnn(Cc3ccc(C(F)(F)F)nc3)c2c1 1 NCc1ccc(Cn2ccc3cc(C(N)=O)cnc32)cc1 c1cncc(Cn2ncc3ncccc32)c1 0.9999489 307.2790 1.0000000 1.0000
 | 11.0036 35.5976 92.4018 0.9999954 NC(=O)c1cnnc(OC2(c3cccc(-c4ncccn4)c3)CC2)c1 1 NC(=O)c1ccc(NC2(c3cccc(N4CCNCC4)c3)CC2)nc1 c1cnc(-c2cccc(C3(Oc4cccnn4)CC3)c2)nc1 0.9999954 333.3510 1.0000000 1.0000
15:46:58 <INFO> Score: 0.87 Agent NLL: 13.59 Valid:  93% Step: 15
 | Agent Prior Target Score SMILES SMILES_state Input_SMILES Scaffold Molecular weight Molecular weight (raw) Unwanted SMARTS Unwanted SMARTS (raw)
 | 12.8004 41.1041 86.4997 0.9969050 N=C(N)c1cccc(OCc2ccc(Cl)nn2)c1 1 NCc1ccc(CNc2ccc(C(N)=O)cn2)cc1 c1ccc(OCc2cccnn2)cc1 0.9969050 262.7000 1.0000000 1.0000
 | 16.0765 48.2300 79.7697 0.9999974 N=C(N)c1ccc(OCc2cc(-c3ccnc(F)c3)nc(N)n2)cn1 1 NC(=O)c1ccc(NCc2cccc(N3CCNCC3)c2)nc1 c1cncc(OCc2cc(-c3ccncc3)ncn2)c1 0.9999974 339.3340 1.0000000 1.0000
 | 12.8453 26.6931 101.2576 0.9996145 CN(C)Cc1cncc(COc2ccc(C(N)=O)cc2)c1 1 CC(C)(CNc1ccc(C(N)=O)cn1)c1cccc(CN)c1 c1ccc(OCc2cccnc2)cc1 0.9996145 285.3470 1.0000000 1.0000
 | 12.7173 25.0535 102.9457 0.9999939 Cc1cnc(NCC(C)(C)c2cc(F)cc(NC3COC3)c2)nc1 1 CC(C)(CNc1ccc(C(N)=O)cn1)c1cccc(NC2CNC2)c1 c1cnc(NCCc2cccc(NC3COC3)c2)nc1 0.9999939 330.4070 1.0000000 1.0000
 | 13.9508 38.8106 -38.8106 0.0000000 NCCc1cnc2ccc(C(F)(F)F)nc2n1Cc1ccc(Cl)c(Cl)c1 0 NCc1ccc(Cn2ccc3cc(C(N)=O)ccc32)cc1 -- 0.0000000 0.0000 0.0000000 0.0000
 | 14.9057 44.0505 83.9488 0.9999950 Cc1cncc(C)c1-c1cccc(SCC(C)(C)c2ccc(F)cn2)n1 1 CC(C)(CNc1ccc(C(N)=O)cn1)c1cccc(N2CCNCC2)c1 c1ccc(CCSc2cccc(-c3ccncc3)n2)nc1 0.9999950 367.4930 1.0000000 1.0000
 | 22.9620 47.8630 80.1366 0.9999969 CNC(=O)c1cnc(C(C)Oc2cnc(NC(=O)C(C)(C)F)nc2)cn1 1 C[C@H](Nc1ccc(C(N)=O)cn1)c1ccccc1 c1cnc(COc2cncnc2)cn1 0.9999969 362.3650 1.0000000 1.0000
 | 11.6638 48.0806 79.9183 0.9999912 NC(=O)c1cnc(OCc2nc(-c3ccncc3)ncc2F)cn1 1 NC(=O)c1ccc(NCc2cccc(N3CCNC(C(F)(F)F)C3)c2)nc1 c1cc(-c2nccc(COc3cnccn3)n2)ccn1 0.9999912 326.2910 1.0000000 1.0000
 | 11.7321 31.1938 96.5688 0.9981458 C[C@H](c1cccnc1)n1cnc2cc(C(=O)O)cnc21 1 NCc1ccc(Cn2ccc3cc(C(N)=O)cnc32)cc1 c1cncc(Cn2cnc3cccnc32)c1 0.9981458 268.2760 1.0000000 1.0000
 | 15.6009 63.9818 63.4904 0.9958771 N#Cc1ncccc1-c1ccnc([C@]2(Cc3ccc([C@H](O)C(F)(F)F)cc3)C[C@@H]2CO)n1 1 NC(=O)c1ccc(NC2(c3cccc(N4CCNCC4)c3)CC2)nc1 c1ccc(CC2(c3nccc(-c4cccnc4)n3)CC2)cc1 0.9958771 440.4250 1.0000000 1.0000
15:47:24 <INFO> Score: 0.85 Agent NLL: 13.55 Valid:  94% Step: 16
 | Agent Prior Target Score SMILES SMILES_state Input_SMILES Scaffold Molecular weight Molecular weight (raw) Unwanted SMARTS Unwanted SMARTS (raw)
 | 13.4904 37.9225 89.6680 0.9968004 CSc1nccnc1OCc1ccnc(CN)c1 1 NCc1ccc(CNc2ccc(C(N)=O)cn2)cc1 c1cc(COc2cnccn2)ccn1 0.9968004 262.3380 1.0000000 1.0000
 | 10.5384 31.6306 96.3581 0.9999118 CN1CCCC(c2cncc(COc3ccc(F)cc3)n2)C1 1 NC(=O)c1ccc(NCc2cccc(N3CCNCC3)c2)nc1 c1ccc(OCc2cncc(C3CCCNC3)n2)cc1 0.9999118 301.3650 1.0000000 1.0000
 | 23.0110 57.0152 70.9846 0.9999985 CCN(CC)C(=O)c1cnc(OCC(C)(O)c2cccnc2)cc1O 1 CC(C)(CNc1ccc(C(N)=O)cn1)c1cccc(CN)c1 c1ccc(OCCc2cccnc2)nc1 0.9999985 345.3990 1.0000000 1.0000
 | 10.6333 58.8662 69.1333 0.9999961 CC(C)(CSc1nccc(OC2CCOC2)n1)c1ccc(Cl)cc1 1 CC(C)(CNc1ccc(C(N)=O)cn1)c1cccc(NC2CNC2)c1 c1ccc(CCSc2nccc(OC3CCOC3)n2)cc1 0.9999961 364.8980 1.0000000 1.0000
 | 11.6556 51.3088 76.5717 0.9990670 NCCc1cn(Cc2cccc(Cl)c2)n2cnnc12 1 NCc1ccc(Cn2ccc3cc(C(N)=O)ccc32)cc1 c1ccc(Cn2ccc3nncn32)cc1 0.9990670 275.7430 1.0000000 1.0000
 | 15.7313 34.0675 93.9305 0.9999839 Clc1ncc(N2CCNCC2)nc1CCNc1ccnnc1 1 CC(C)(CNc1ccc(C(N)=O)cn1)c1cccc(N2CCNCC2)c1 c1cc(NCCc2cncc(N3CCNCC3)n2)cnn1 0.9999839 319.8000 1.0000000 1.0000
 | 10.4760 12.0431 -12.0431 0.0000000 Cc1nc(C(N)=O)ccc1OCc1ccccc1Cl 1 C[C@H](Nc1ccc(C(N)=O)cn1)c1ccccc1 c1ccc(COc2cccnc2)cc1 0.9991474 276.7230 1.0000000 1.0000
 | 9.5314 57.4887 70.5112 0.9999989 Fc1ccc(OCc2cc(C(F)(F)F)ccn2)cc1-c1cncnc1 1 NC(=O)c1ccc(NCc2cccc(N3CCNC(C(F)(F)F)C3)c2)nc1 c1ccc(COc2cccc(-c3cncnc3)c2)nc1 0.9999989 349.2870 1.0000000 1.0000
 | 12.2626 34.4506 90.4870 0.9760754 OCc1ccnc2c1ccn2Cc1cnccn1 1 NCc1ccc(Cn2ccc3cc(C(N)=O)cnc32)cc1 c1cnc2c(c1)ccn2Cc1cnccn1 0.9760754 240.2660 1.0000000 1.0000
 | 8.2675 15.3867 112.6131 0.9999989 NC(=O)c1ccc(NC2(c3cc(F)cc(-c4cncnc4)c3)CC2)nc1 1 NC(=O)c1ccc(NC2(c3cccc(N4CCNCC4)c3)CC2)nc1 c1ccc(NC2(c3cccc(-c4cncnc4)c3)CC2)nc1 0.9999989 349.3690 1.0000000 1.0000
15:47:51 <INFO> Score: 0.87 Agent NLL: 13.65 Valid:  95% Step: 17
 | Agent Prior Target Score SMILES SMILES_state Input_SMILES Scaffold Molecular weight Molecular weight (raw) Unwanted SMARTS Unwanted SMARTS (raw)
 | 14.5098 33.1219 19.8170 0.4135852 Oc1ccc(C#Cc2ccncc2)nc1 1 NCc1ccc(CNc2ccc(C(N)=O)cn2)cc1 C(#Cc1ccccn1)c1ccncc1 0.4135852 196.2090 1.0000000 1.0000
 | 8.3207 32.1012 95.8951 0.9999708 NC(=O)c1ccc(OC[C@@H]2CCCN(c3ncccn3)C2)nc1 1 NC(=O)c1ccc(NCc2cccc(N3CCNCC3)c2)nc1 c1ccc(OC[C@@H]2CCCN(c3ncccn3)C2)nc1 0.9999708 313.3610 1.0000000 1.0000
 | 17.2800 38.7037 89.2943 0.9999843 CN(C)CCCCC(Nc1cnc(C(N)=O)nc1)c1ccc(Cl)c(F)c1 1 CC(C)(CNc1ccc(C(N)=O)cn1)c1cccc(CN)c1 c1ccc(CNc2cncnc2)cc1 0.9999843 379.8670 1.0000000 1.0000
 | 14.7172 55.7429 72.2551 0.9999847 CC(C)(CNc1ncccc1Oc1cccnn1)c1ccccc1 1 CC(C)(CNc1ccc(C(N)=O)cn1)c1cccc(NC2CNC2)c1 c1ccc(CCNc2ncccc2Oc2cccnn2)cc1 0.9999847 320.3960 1.0000000 1.0000
 | 11.4232 48.9951 75.9426 0.9760754 NCc1ccnc(Cc2noc3ccncc23)c1 1 NCc1ccc(Cn2ccc3cc(C(N)=O)ccc32)cc1 c1ccc(Cc2noc3ccncc23)nc1 0.9760754 240.2660 1.0000000 1.0000
 | 13.5554 48.2087 79.7821 0.9999281 Cc1ccc(N2CCOCC2)nc1C(C)(C)COc1ccc(C(F)(F)F)nn1 1 CC(C)(CNc1ccc(C(N)=O)cn1)c1cccc(N2CCNCC2)c1 c1cnnc(OCCc2cccc(N3CCOCC3)n2)c1 0.9999281 396.4130 1.0000000 1.0000
 | 13.6149 18.7016 109.1346 0.9987198 CNC(=O)c1ncc(COc2ccccc2)cc1OC 1 C[C@H](Nc1ccc(C(N)=O)cn1)c1ccccc1 c1ccc(OCc2cccnc2)cc1 0.9987198 272.3040 1.0000000 1.0000
 | 12.6597 46.2393 81.7605 0.9999985 Cc1nc(OCc2cccc(-c3cccnc3)n2)ccc1C(F)(F)F 1 NC(=O)c1ccc(NCc2cccc(N3CCNC(C(F)(F)F)C3)c2)nc1 c1ccc(OCc2cccc(-c3cccnc3)n2)nc1 0.9999985 345.3240 1.0000000 1.0000
 | 9.6099 32.9864 94.9543 0.9995362 COc1ncnc2c1c(C)cn2Cc1ccc(CN)cn1 1 NCc1ccc(Cn2ccc3cc(C(N)=O)cnc32)cc1 c1ccc(Cn2ccc3cncnc32)nc1 0.9995362 283.3350 1.0000000 1.0000
 | 14.3882 35.7944 92.2023 0.9999738 CC1(O)CCN(c2cncc([C@@]3(Nc4ccc(C(N)=O)nc4)C[C@H]3F)c2)CC1 1 NC(=O)c1ccc(NC2(c3cccc(N4CCNCC4)c3)CC2)nc1 c1cncc(NC2(c3cncc(N4CCCCC4)c3)CC2)c1 0.9999738 385.4430 1.0000000 1.0000
15:48:17 <INFO> Score: 0.87 Agent NLL: 13.48 Valid:  95% Step: 18
 | Agent Prior Target Score SMILES SMILES_state Input_SMILES Scaffold Molecular weight Molecular weight (raw) Unwanted SMARTS Unwanted SMARTS (raw)
 | 20.1023 70.9862 56.9825 0.9997554 NCCC(=O)Oc1nc(N)nc(NCc2cnccn2)n1 1 NCc1ccc(CNc2ccc(C(N)=O)cn2)cc1 c1cnc(CNc2ncncn2)cn1 0.9997554 290.2870 1.0000000 1.0000
 | 17.3449 50.9174 77.0811 0.9999883 CN1CCC(c2ccnc(C#Cc3ncc(C(N)=O)nn3)n2)CC1 1 NC(=O)c1ccc(NCc2cccc(N3CCNCC3)c2)nc1 C(#Cc1nccc(C2CCNCC2)n1)c1nccnn1 0.9999883 323.3600 1.0000000 1.0000
 | 7.7750 8.1312 -8.1312 0.0000000 C[C@H](COc1ccc(C(N)=O)cn1)c1ccccc1 1 CC(C)(CNc1ccc(C(N)=O)cn1)c1cccc(CN)c1 c1ccc(CCOc2ccccn2)cc1 0.9944361 256.3050 1.0000000 1.0000
 | 21.5080 97.0740 30.9246 0.9999887 CC(C)(C#N)c1cc(OCC(F)(F)c2ncccc2OC2CCO2)ncn1 1 CC(C)(CNc1ccc(C(N)=O)cn1)c1cccc(NC2CNC2)c1 c1cnc(CCOc2ccncn2)c(OC2CCO2)c1 0.9999887 376.3630 1.0000000 1.0000
 | 13.4406 40.1145 87.5445 0.9973359 NCCc1cnc2cnc(Cc3cccnc3)cc2c1 1 NCc1ccc(Cn2ccc3cc(C(N)=O)ccc32)cc1 c1cncc(Cc2cc3cccnc3cn2)c1 0.9973359 264.3320 1.0000000 1.0000
 | 17.4822 78.6707 49.3288 0.9999958 CC(C)(C)[C](COc1cccc(-c2cncnc2)n1)c1cnccn1 1 CC(C)(CNc1ccc(C(N)=O)cn1)c1cccc(N2CCNCC2)c1 [CH](COc1cccc(-c2cncnc2)n1)c1cnccn1 0.9999958 334.4030 1.0000000 1.0000
 | 10.0222 18.6230 -18.6230 0.0000000 CC[C@@H](c1ccccc1)N(C)c1cnc(C(=O)O)cn1 1 C[C@H](Nc1ccc(C(N)=O)cn1)c1ccccc1 c1ccc(CNc2cnccn2)cc1 0.9985985 271.3200 1.0000000 1.0000
 | 12.6107 66.6576 61.3369 0.9999574 NC(=O)c1cnc(OCc2ccnc(-c3ccncn3)n2)nc1 1 NC(=O)c1ccc(NCc2cccc(N3CCNC(C(F)(F)F)C3)c2)nc1 c1cnc(OCc2ccnc(-c3ccncn3)n2)nc1 0.9999574 309.2890 1.0000000 1.0000
 | 11.7759 38.3956 89.5552 0.9996156 CSc1nc2c(CN)cncc2n1Cc1cccnc1 1 NCc1ccc(Cn2ccc3cc(C(N)=O)cnc32)cc1 c1cncc(Cn2cnc3ccncc32)c1 0.9996156 285.3760 1.0000000 1.0000
 | 12.4128 28.9016 99.0971 0.9999896 N#Cc1ccc(-c2cncc([C@]3(Nc4ccc(C(N)=O)nn4)C[C@H]3F)c2)cn1 1 NC(=O)c1ccc(NC2(c3cccc(N4CCNCC4)c3)CC2)nc1 c1cncc(-c2cncc(C3(Nc4cccnn4)CC3)c2)c1 0.9999896 375.3670 1.0000000 1.0000
15:48:43 <INFO> Score: 0.87 Agent NLL: 13.21 Valid:  95% Step: 19
 | Agent Prior Target Score SMILES SMILES_state Input_SMILES Scaffold Molecular weight Molecular weight (raw) Unwanted SMARTS Unwanted SMARTS (raw)
 | 7.6161 24.3356 78.4479 0.8029966 NCc1cncc(OCc2ccccn2)c1 1 NCc1ccc(CNc2ccc(C(N)=O)cn2)cc1 c1ccc(COc2cccnc2)nc1 0.8029966 215.2560 1.0000000 1.0000
 | 17.6869 55.0656 -55.0656 0.0000000 NC(=O)c1ncc(OCC2CCOC(c3cc3ccnc(F)c3)C2)cn1 0 NC(=O)c1ccc(NCc2cccc(N3CCNCC3)c2)nc1 -- 0.0000000 0.0000 0.0000000 0.0000
 | 11.0779 40.8972 87.0963 0.9999493 CS(=O)(=O)NCc1cncc(OCCc2cccnc2)c1 1 CC(C)(CNc1ccc(C(N)=O)cn1)c1cccc(CN)c1 c1cncc(CCOc2cccnc2)c1 0.9999493 307.3750 1.0000000 1.0000
 | 13.3481 32.0710 95.9250 0.9999682 CC(C)(CNc1nccc(NC2CCOC2)n1)c1ccccc1 1 CC(C)(CNc1ccc(C(N)=O)cn1)c1cccc(NC2CNC2)c1 c1ccc(CCNc2nccc(NC3CCOC3)n2)cc1 0.9999682 312.4170 1.0000000 1.0000
 | 12.8453 30.8395 73.8135 0.8176013 c1cnc2c(ccn2CC2CCNCC2)n1 1 NCc1ccc(Cn2ccc3cc(C(N)=O)ccc32)cc1 c1cnc2c(ccn2CC2CCNCC2)n1 0.8176013 216.2880 1.0000000 1.0000
 | 12.3533 53.3875 74.6022 0.9999197 CC(C)(/C=C/c1cncc(-c2cccnn2)c1)c1ccccn1 1 CC(C)(CNc1ccc(C(N)=O)cn1)c1cccc(N2CCNCC2)c1 C(=C/c1cncc(-c2cccnn2)c1)\Cc1ccccn1 0.9999197 302.3810 1.0000000 1.0000
 | 11.5235 44.4588 82.9472 0.9953594 Cc1cnc([C@@H](C)Nc2cncc(C(N)=O)n2)nc1 1 C[C@H](Nc1ccc(C(N)=O)cn1)c1ccccc1 c1cnc(CNc2cnccn2)nc1 0.9953594 258.2850 1.0000000 1.0000
 | 8.6634 19.5518 108.4417 0.9999490 NC(=O)c1ncc(OCc2cccc(-c3cnccn3)c2)cn1 1 NC(=O)c1ccc(NCc2cccc(N3CCNC(C(F)(F)F)C3)c2)nc1 c1cc(COc2cncnc2)cc(-c2cnccn2)c1 0.9999490 307.3130 1.0000000 1.0000
 | 15.2137 50.4299 77.5680 0.9999837 CC(C)Oc1ncc(C(N)=O)c2nnn(Cc3ccc(C(F)(F)F)nc3)c12 1 NCc1ccc(Cn2ccc3cc(C(N)=O)cnc32)cc1 c1cncc(Cn2nnc3ccncc32)c1 0.9999837 380.3300 1.0000000 1.0000
 | 9.1284 23.9836 104.0146 0.9999859 NC(=O)c1ncc(OC2(c3cccc(-n4cccn4)c3)CC2)cn1 1 NC(=O)c1ccc(NC2(c3cccc(N4CCNCC4)c3)CC2)nc1 c1cc(-n2cccn2)cc(C2(Oc3cncnc3)CC2)c1 0.9999859 321.3400 1.0000000 1.0000
15:49:08 <INFO> Score: 0.84 Agent NLL: 12.93 Valid:  95% Step: 20
 | Agent Prior Target Score SMILES SMILES_state Input_SMILES Scaffold Molecular weight Molecular weight (raw) Unwanted SMARTS Unwanted SMARTS (raw)
 | 8.6653 13.6297 106.9214 0.9418056 O=C(O)c1ccc(NCc2cnccn2)nc1 1 NCc1ccc(CNc2ccc(C(N)=O)cn2)cc1 c1ccc(NCc2cnccn2)nc1 0.9418056 230.2270 1.0000000 1.0000
 | 12.9580 28.5604 99.4394 0.9999985 NC(=O)c1ccc(OCc2cc(Cl)cc(-c3cccc(O)c3)c2)cn1 1 NC(=O)c1ccc(NCc2cccc(N3CCNCC3)c2)nc1 c1ccc(-c2cccc(COc3cccnc3)c2)cc1 0.9999985 354.7930 1.0000000 1.0000
 | 11.6127 31.9841 94.7826 0.9903645 O=C(O)c1cncc(OCCC2CCCCC2)n1 1 CC(C)(CNc1ccc(C(N)=O)cn1)c1cccc(CN)c1 c1cnc(OCCC2CCCCC2)cn1 0.9903645 250.2980 1.0000000 1.0000
 | 16.1318 36.7373 91.2586 0.9999682 CN1CC(Nc2ccnc(OCC(C)(C)c3ccccc3)n2)C1 1 CC(C)(CNc1ccc(C(N)=O)cn1)c1cccc(NC2CNC2)c1 c1ccc(CCOc2nccc(NC3CNC3)n2)cc1 0.9999682 312.4170 1.0000000 1.0000
 | 11.6780 43.3600 84.4603 0.9985958 NCCc1cnc2cnn(Cc3ncccc3F)c2c1 1 NCc1ccc(Cn2ccc3cc(C(N)=O)ccc32)cc1 c1ccc(Cn2ncc3ncccc32)nc1 0.9985958 271.2990 1.0000000 1.0000
 | 11.6856 44.8525 83.1397 0.9999391 CC(C)(CNc1cccc(-c2cccnn2)n1)c1ccncc1 1 CC(C)(CNc1ccc(C(N)=O)cn1)c1cccc(N2CCNCC2)c1 c1cnnc(-c2cccc(NCCc3ccncc3)n2)c1 0.9999391 305.3850 1.0000000 1.0000
 | 15.3287 33.9203 93.8643 0.9983169 N#Cc1ccccc1CSc1cncc(C(N)=O)c1 1 C[C@H](Nc1ccc(C(N)=O)cn1)c1ccccc1 c1ccc(CSc2cccnc2)cc1 0.9983169 269.3290 1.0000000 1.0000
 | 7.9534 29.8490 -29.8490 0.0000000 NC(=O)c1ccc(OCC2CCN(c3ncccn3)CC2)cn1 1 NC(=O)c1ccc(NCc2cccc(N3CCNC(C(F)(F)F)C3)c2)nc1 c1cnc(N2CCC(COc3cccnc3)CC2)nc1 0.9999708 313.3610 1.0000000 1.0000
 | 14.0574 64.1422 63.8495 0.9999354 NCCOc1cncc(Cn2nnc3cnc(Cl)cc32)c1 1 NCc1ccc(Cn2ccc3cc(C(N)=O)cnc32)cc1 c1cncc(Cn2nnc3cnccc32)c1 0.9999354 304.7410 1.0000000 1.0000
 | 8.8383 44.0041 83.9957 0.9999989 NC(=O)c1cnc(-c2cncc(C3(Nc4ccc(F)cn4)CC3)n2)nc1 1 NC(=O)c1ccc(NC2(c3cccc(N4CCNCC4)c3)CC2)nc1 c1ccc(NC2(c3cncc(-c4ncccn4)n3)CC2)nc1 0.9999989 351.3450 1.0000000 1.0000
15:49:34 <INFO> Score: 0.86 Agent NLL: 12.74 Valid:  96% Step: 21
 | Agent Prior Target Score SMILES SMILES_state Input_SMILES Scaffold Molecular weight Molecular weight (raw) Unwanted SMARTS Unwanted SMARTS (raw)
 | 10.6814 17.4735 -17.4735 0.0000000 Cc1cnc(NCC2=CCCCC2)nc1 1 NCc1ccc(CNc2ccc(C(N)=O)cn2)cc1 C1=C(CNc2ncccn2)CCCC1 0.5751582 203.2890 1.0000000 1.0000
 | 10.1035 21.4368 106.5554 0.9999388 NC(=O)c1ccc(NCc2nccc(-c3ccncc3)n2)cc1 1 NC(=O)c1ccc(NCc2cccc(N3CCNCC3)c2)nc1 c1ccc(NCc2nccc(-c3ccncc3)n2)cc1 0.9999388 305.3410 1.0000000 1.0000
 | 16.5805 38.0287 -38.0287 0.0000000 Cc1nc(S(=O)(=O)N(C)C)ccc1COc1ccccc1 1 CC(C)(CNc1ccc(C(N)=O)cn1)c1cccc(CN)c1 c1ccc(OCc2cccnc2)cc1 0.9999444 306.3870 1.0000000 1.0000
 | 11.1962 87.6996 40.2959 0.9999652 CC(C)(/C=C/c1ccnc(SC2CCC2)n1)c1cccnc1 1 CC(C)(CNc1ccc(C(N)=O)cn1)c1cccc(NC2CNC2)c1 C(=C/c1ccnc(SC2CCC2)n1)\Cc1cccnc1 0.9999652 311.4540 1.0000000 1.0000
 | 19.4507 39.0445 88.9553 0.9999982 NCCCN(CCO)Cc1ccc(Cn2ncc3c(F)cccc32)cc1 1 NCc1ccc(Cn2ccc3cc(C(N)=O)ccc32)cc1 c1ccc(Cn2ncc3ccccc32)cc1 0.9999982 356.4450 1.0000000 1.0000
 | 11.0851 33.0415 94.9500 0.9999332 CC(C)(CNc1ccnc(-c2ccncc2)n1)c1ccccc1 1 CC(C)(CNc1ccc(C(N)=O)cn1)c1cccc(N2CCNCC2)c1 c1ccc(CCNc2ccnc(-c3ccncc3)n2)cc1 0.9999332 304.3970 1.0000000 1.0000
 | 9.7059 23.3870 102.2765 0.9817460 Cc1nc(C(N)=O)ccc1OCc1ccccn1 1 C[C@H](Nc1ccc(C(N)=O)cn1)c1ccccc1 c1ccc(COc2cccnc2)nc1 0.9817460 243.2660 1.0000000 1.0000
 | 10.3477 21.1124 106.8874 0.9999979 CC1(C)CN(c2nccc(CNc3ccc(C(N)=O)cc3)n2)CCO1 1 NC(=O)c1ccc(NCc2cccc(N3CCNC(C(F)(F)F)C3)c2)nc1 c1ccc(NCc2ccnc(N3CCOCC3)n2)cc1 0.9999979 341.4150 1.0000000 1.0000
 | 19.4478 41.4349 86.5646 0.9999959 C[C@](O)(c1cncc(Cn2cnc3cc(C(N)=O)ncc32)c1)C(F)(F)F 1 NCc1ccc(Cn2ccc3cc(C(N)=O)cnc32)cc1 c1cncc(Cn2cnc3ccncc32)c1 0.9999959 365.3150 1.0000000 1.0000
 | 9.4825 37.0486 90.9513 0.9999989 NC(=O)c1ccc(-c2cccc(C3(Cc4ccc(F)nc4)CO3)c2)cn1 1 NC(=O)c1ccc(NC2(c3cccc(N4CCNCC4)c3)CC2)nc1 c1cncc(CC2(c3cccc(-c4cccnc4)c3)CO2)c1 0.9999989 349.3650 1.0000000 1.0000
15:49:59 <INFO> Score: 0.86 Agent NLL: 12.17 Valid:  97% Step: 22
 | Agent Prior Target Score SMILES SMILES_state Input_SMILES Scaffold Molecular weight Molecular weight (raw) Unwanted SMARTS Unwanted SMARTS (raw)
 | 7.2124 23.5279 98.2615 0.9514801 NCc1ccc(CSc2ncccn2)nc1 1 NCc1ccc(CNc2ccc(C(N)=O)cn2)cc1 c1ccc(CSc2ncccn2)nc1 0.9514801 232.3120 1.0000000 1.0000
 | 8.5660 40.2411 -40.2411 0.0000000 NC(=O)c1cnc(OCc2cncc(-c3ccnc(F)c3)c2)cn1 1 NC(=O)c1ccc(NCc2cccc(N3CCNCC3)c2)nc1 c1cc(-c2cncc(COc3cnccn3)c2)ccn1 0.9999902 325.3030 1.0000000 1.0000
 | 16.4224 66.3410 61.4793 0.9985959 C[C](COc1cncc(C(N)=O)c1C)c1cncnc1 1 CC(C)(CNc1ccc(C(N)=O)cn1)c1cccc(CN)c1 [CH](COc1cccnc1)c1cncnc1 0.9985959 271.3000 1.0000000 1.0000
 | 26.4490 85.3450 42.6547 0.9999974 Cn1cncc1[C@H](O)c1ncnc(NCC(C)(C)c2cnn(CF)c2)n1 1 CC(C)(CNc1ccc(C(N)=O)cn1)c1cccc(NC2CNC2)c1 c1nc(Cc2cnc[nH]2)nc(NCCc2cn[nH]c2)n1 0.9999974 360.3970 1.0000000 1.0000
 | 13.1516 21.1684 -21.1684 0.0000000 NCc1cn(Cc2ccc(Cl)cc2)c2ccc(O)nc12 1 NCc1ccc(Cn2ccc3cc(C(N)=O)ccc32)cc1 c1ccc(Cn2ccc3ncccc32)cc1 0.9996911 287.7500 1.0000000 1.0000
 | 16.2084 40.9430 87.0565 0.9999958 COc1cccc(OCC(C)(C)c2ccnc(-c3ccccc3)c2)n1 1 CC(C)(CNc1ccc(C(N)=O)cn1)c1cccc(N2CCNCC2)c1 c1ccc(-c2cc(CCOc3ccccn3)ccn2)cc1 0.9999958 334.4190 1.0000000 1.0000
 | 11.5133 18.9243 104.2981 0.9626750 NC(=O)c1ccc(OC[C@@H]2CCCCN2)nc1 1 C[C@H](Nc1ccc(C(N)=O)cn1)c1ccccc1 c1ccc(OC[C@@H]2CCCCN2)nc1 0.9626750 235.2870 1.0000000 1.0000
 | 10.2232 35.5607 -35.5607 0.0000000 FC1(F)CCN(c2cncc(CNc3ncccn3)n2)CC1 1 NC(=O)c1ccc(NCc2cccc(N3CCNC(C(F)(F)F)C3)c2)nc1 c1cnc(NCc2cncc(N3CCCCC3)n2)nc1 0.9999441 306.3200 1.0000000 1.0000
 | 11.4410 37.1839 90.7616 0.9995746 COc1ccc(Cn2nnc3cc(C(=O)O)ncc32)cc1 1 NCc1ccc(Cn2ccc3cc(C(N)=O)cnc32)cc1 c1ccc(Cn2nnc3ccncc32)cc1 0.9995746 284.2750 1.0000000 1.0000
 | 16.4346 47.2460 80.7537 0.9999980 NC(=O)c1ncc(O[C@]2(c3ccnc(C4=CCOCC4)n3)C[C@@H]2F)cn1 1 NC(=O)c1ccc(NC2(c3cccc(N4CCNCC4)c3)CC2)nc1 C1=C(c2nccc(C3(Oc4cncnc4)CC3)n2)CCOC1 0.9999980 357.3450 1.0000000 1.0000
15:50:25 <INFO> Score: 0.86 Agent NLL: 12.28 Valid:  97% Step: 23
 | Agent Prior Target Score SMILES SMILES_state Input_SMILES Scaffold Molecular weight Molecular weight (raw) Unwanted SMARTS Unwanted SMARTS (raw)
 | 10.9135 44.2128 82.5971 0.9907022 NCc1cncc(COc2cnc(Cl)nc2)c1 1 NCc1ccc(CNc2ccc(C(N)=O)cn2)cc1 c1cncc(COc2cncnc2)c1 0.9907022 250.6890 1.0000000 1.0000
 | 12.6932 43.3246 84.6721 0.9999740 Cc1cc(C(N)=O)ccc1OCc1cnnc(-c2ccc(OC(F)F)cc2)c1 1 NC(=O)c1ccc(NCc2cccc(N3CCNCC3)c2)nc1 c1ccc(OCc2cnnc(-c3ccccc3)c2)cc1 0.9999740 385.3700 1.0000000 1.0000
 | 11.2535 61.7504 64.8913 0.9893888 C[C](COc1ccc(F)cc1F)c1cnccn1 1 CC(C)(CNc1ccc(C(N)=O)cn1)c1cccc(CN)c1 [CH](COc1ccccc1)c1cnccn1 0.9893888 249.2400 1.0000000 1.0000
 | 10.3706 53.3771 74.5916 0.9997557 Fc1ccc(CCOc2cc(OC3CNC3)ncn2)cn1 1 CC(C)(CNc1ccc(C(N)=O)cn1)c1cccc(NC2CNC2)c1 c1cncc(CCOc2cc(OC3CNC3)ncn2)c1 0.9997557 290.2980 1.0000000 1.0000
 | 18.0528 57.7019 70.2328 0.9994900 COc1ccnc2cnn(Cc3ccc(C(=N)N)nc3)c12 1 NCc1ccc(Cn2ccc3cc(C(N)=O)ccc32)cc1 c1cncc(Cn2ncc3ncccc32)c1 0.9994900 282.3070 1.0000000 1.0000
 | 19.0573 65.2334 62.7663 0.9999979 CC(CNc1cnc(Cl)cn1)c1cccc(-c2ccc(O)cn2)n1 1 CC(C)(CNc1ccc(C(N)=O)cn1)c1cccc(N2CCNCC2)c1 c1ccc(-c2cccc(CCNc3cnccn3)n2)nc1 0.9999979 341.8020 1.0000000 1.0000
 | 10.8618 36.4125 88.6514 0.9770617 CC(Oc1ncc(Cl)cn1)C1CCCCC1 1 C[C@H](Nc1ccc(C(N)=O)cn1)c1ccccc1 c1cnc(OCC2CCCCC2)nc1 0.9770617 240.7340 1.0000000 1.0000
 | 8.8719 54.4793 73.5194 0.9999902 FC(F)(F)c1ccnc(C#Cc2cncc(-c3cccnc3)c2)c1 1 NC(=O)c1ccc(NCc2cccc(N3CCNC(C(F)(F)F)C3)c2)nc1 C(#Cc1ccccn1)c1cncc(-c2cccnc2)c1 0.9999902 325.2930 1.0000000 1.0000
 | 9.3199 47.9800 76.9588 0.9760841 NCc1cnc2cnn(Cc3ncccn3)c2c1 1 NCc1ccc(Cn2ccc3cc(C(N)=O)cnc32)cc1 c1cnc(Cn2ncc3ncccc32)nc1 0.9760841 240.2700 1.0000000 1.0000
 | 9.1990 38.0636 89.9362 0.9999990 NC(=O)c1cnc(OC2(c3cccc(-c4cncc(F)c4)c3)CC2)nc1 1 NC(=O)c1ccc(NC2(c3cccc(N4CCNCC4)c3)CC2)nc1 c1cnc(OC2(c3cccc(-c4cccnc4)c3)CC2)nc1 0.9999990 350.3530 1.0000000 1.0000
15:50:51 <INFO> Score: 0.85 Agent NLL: 11.73 Valid:  98% Step: 24
 | Agent Prior Target Score SMILES SMILES_state Input_SMILES Scaffold Molecular weight Molecular weight (raw) Unwanted SMARTS Unwanted SMARTS (raw)
 | 8.5235 19.9014 101.3277 0.9471022 NCc1ccc(CSc2cncnc2)cc1 1 NCc1ccc(CNc2ccc(C(N)=O)cn2)cc1 c1ccc(CSc2cncnc2)cc1 0.9471022 231.3240 1.0000000 1.0000
 | 9.3815 27.9902 99.9967 0.9998975 Clc1cnc(NCc2cncc(-c3cnccn3)n2)nc1 1 NC(=O)c1ccc(NCc2cccc(N3CCNCC3)c2)nc1 c1cnc(NCc2cncc(-c3cnccn3)n2)nc1 0.9998975 299.7250 1.0000000 1.0000
 | 14.5220 49.8550 78.1409 0.9999681 CN(C)Cc1nccc(OCC(C)(C)c2cnc(C#N)cn2)n1 1 CC(C)(CNc1ccc(C(N)=O)cn1)c1cccc(CN)c1 c1cc(OCCc2cnccn2)ncn1 0.9999681 312.3770 1.0000000 1.0000
 | 25.4667 58.1511 69.8486 0.9999977 C[C@@]1(C#N)C[C@@H](Oc2cc(C#N)cc(OCC3CCOCC3)c2)CN1 1 CC(C)(CNc1ccc(C(N)=O)cn1)c1cccc(NC2CNC2)c1 c1cc(OCC2CCOCC2)cc(O[C@@H]2CCNC2)c1 0.9999977 341.4110 1.0000000 1.0000
 | 8.0826 42.9889 -42.9889 0.0000000 NCCc1cn(Cc2ccnc(Cl)c2)c2ncccc12 1 NCc1ccc(Cn2ccc3cc(C(N)=O)ccc32)cc1 c1cnc2c(c1)ccn2Cc1ccncc1 0.9996618 286.7660 1.0000000 1.0000
 | 14.5761 63.6920 64.3055 0.9999803 C[C@@H]1CN(c2nccc(CCNc3nccc(C(F)(F)F)n3)n2)C[C@H](C)O1 1 CC(C)(CNc1ccc(C(N)=O)cn1)c1cccc(N2CCNCC2)c1 c1cnc(NCCc2ccnc(N3CCOCC3)n2)nc1 0.9999803 382.3900 1.0000000 1.0000
 | 5.9800 25.4210 -25.4210 0.0000000 C[C@H](Oc1cnc(C(N)=O)nc1)C1CCCCC1 1 C[C@H](Nc1ccc(C(N)=O)cn1)c1ccccc1 c1ncc(OCC2CCCCC2)cn1 0.9894601 249.3140 1.0000000 1.0000
 | 10.7903 32.6790 95.3150 0.9999534 NC(=O)c1ncc(OCc2cc(-c3cccnc3)ncn2)cn1 1 NC(=O)c1ccc(NCc2cccc(N3CCNC(C(F)(F)F)C3)c2)nc1 c1cncc(-c2cc(COc3cncnc3)ncn2)c1 0.9999534 308.3010 1.0000000 1.0000
 | 9.2232 39.9735 88.0240 0.9999799 CC(C)(C)OC(=O)N1CCC(Cn2cnc3nccnc32)CC1 1 NCc1ccc(Cn2ccc3cc(C(N)=O)cnc32)cc1 c1cnc2c(n1)ncn2CC1CCNCC1 0.9999799 317.3930 1.0000000 1.0000
 | 14.4996 20.2760 107.7182 0.9999547 NC(=O)c1ccc(NC2(c3cccc(-c4cc(C(N)=O)ccc4F)n3)CC2)nc1 1 NC(=O)c1ccc(NC2(c3cccc(N4CCNCC4)c3)CC2)nc1 c1ccc(-c2cccc(C3(Nc4ccccn4)CC3)n2)cc1 0.9999547 391.4060 1.0000000 1.0000
15:51:16 <INFO> Score: 0.84 Agent NLL: 11.84 Valid:  97% Step: 25
 | Agent Prior Target Score SMILES SMILES_state Input_SMILES Scaffold Molecular weight Molecular weight (raw) Unwanted SMARTS Unwanted SMARTS (raw)
 | 12.4396 48.6179 73.1443 0.9512671 NCc1cnc(CCc2cncc(F)c2)cn1 1 NCc1ccc(CNc2ccc(C(N)=O)cn2)cc1 c1cncc(CCc2cnccn2)c1 0.9512671 232.2620 1.0000000 1.0000
 | 6.3331 42.4368 -42.4368 0.0000000 NC(=O)c1ccc(OCc2cncc(-c3cncnc3)n2)nc1 1 NC(=O)c1ccc(NCc2cccc(N3CCNCC3)c2)nc1 c1ccc(OCc2cncc(-c3cncnc3)n2)nc1 0.9999534 308.3010 1.0000000 1.0000
 | 12.7066 29.3048 98.6949 0.9999980 CN(C)CCNC(=O)c1ccnc(NCC(C)(C)c2cccnc2)n1 1 CC(C)(CNc1ccc(C(N)=O)cn1)c1cccc(CN)c1 c1cnc(NCCc2cccnc2)nc1 0.9999980 342.4470 1.0000000 1.0000
 | 16.8912 65.5338 62.4644 0.9999862 CC(C)(COc1cccc(NC2COC2)n1)c1ccc(S(C)(=O)=O)nn1 1 CC(C)(CNc1ccc(C(N)=O)cn1)c1cccc(NC2CNC2)c1 c1cnnc(CCOc2cccc(NC3COC3)n2)c1 0.9999862 378.4540 1.0000000 1.0000
 | 13.4279 43.9760 -43.9760 0.0000000 c1ccn(Cc2nnc3ncccc23)n1 0 NCc1ccc(Cn2ccc3cc(C(N)=O)ccc32)cc1 -- 0.0000000 0.0000 0.0000000 0.0000
 | 14.2355 51.4028 76.3374 0.9979703 c1ccc(OCCc2cccc(-n3ccnn3)n2)nc1 1 CC(C)(CNc1ccc(C(N)=O)cn1)c1cccc(N2CCNCC2)c1 c1ccc(OCCc2cccc(-n3ccnn3)n2)nc1 0.9979703 267.2920 1.0000000 1.0000
 | 11.3151 27.8544 98.7965 0.9894601 CC(Nc1cnc(C(=O)O)nc1)C1CCCCC1 1 C[C@H](Nc1ccc(C(N)=O)cn1)c1ccccc1 c1ncc(NCC2CCCCC2)cn1 0.9894601 249.3140 1.0000000 1.0000
 | 8.9565 45.1538 82.8454 0.9999944 FC(F)(F)c1nccc(NCc2cccc(-c3cccnc3)n2)n1 1 NC(=O)c1ccc(NCc2cccc(N3CCNC(C(F)(F)F)C3)c2)nc1 c1cncc(-c2cccc(CNc3ccncn3)n2)c1 0.9999944 331.3010 1.0000000 1.0000
 | 7.9498 46.0160 81.2737 0.9944509 NCc1ccc(Cc2nsc3ncccc23)nc1 1 NCc1ccc(Cn2ccc3cc(C(N)=O)cnc32)cc1 c1ccc(Cc2nsc3ncccc23)nc1 0.9944509 256.3340 1.0000000 1.0000
 | 6.7986 17.4829 110.5164 0.9999949 NC(=O)c1cnc(OC2(c3cccc(-c4cccnc4)c3)CC2)cn1 1 NC(=O)c1ccc(NC2(c3cccc(N4CCNCC4)c3)CC2)nc1 c1cncc(-c2cccc(C3(Oc4cnccn4)CC3)c2)c1 0.9999949 332.3630 1.0000000 1.0000
15:51:42 <INFO> Score: 0.84 Agent NLL: 11.48 Valid:  99% Step: 26
 | Agent Prior Target Score SMILES SMILES_state Input_SMILES Scaffold Molecular weight Molecular weight (raw) Unwanted SMARTS Unwanted SMARTS (raw)
 | 20.0394 62.2766 65.7131 0.9999193 NCCCOc1ccc([N+](=O)[O-])nc1CCc1ccncc1 1 NCc1ccc(CNc2ccc(C(N)=O)cn2)cc1 c1ccc(CCc2ccncc2)nc1 0.9999193 302.3340 1.0000000 1.0000
 | 9.4292 29.9808 97.6769 0.9973260 c1cncc(NCc2ccnc(-c3ccncn3)n2)c1 1 NC(=O)c1ccc(NCc2cccc(N3CCNCC3)c2)nc1 c1cncc(NCc2ccnc(-c3ccncn3)n2)c1 0.9973260 264.2920 1.0000000 1.0000
 | 12.2518 49.2889 78.7077 0.9999734 CCN(C)C(=O)c1cnc(OCC(C)(C)c2ccncc2)nc1 1 CC(C)(CNc1ccc(C(N)=O)cn1)c1cccc(CN)c1 c1cnc(OCCc2ccncc2)nc1 0.9999734 314.3890 1.0000000 1.0000
 | 12.7748 80.2599 47.7393 0.9999938 CC(C)(COc1cncc(OC2CC(F)(F)C2)c1)c1cnc(Cl)nc1 1 CC(C)(CNc1ccc(C(N)=O)cn1)c1cccc(NC2CNC2)c1 c1ncc(CCOc2cncc(OC3CCC3)c2)cn1 0.9999938 369.7990 1.0000000 1.0000
 | 7.1753 53.1229 73.9403 0.9926810 NCCc1ccc(Cn2ncc3cnccc32)nc1 1 NCc1ccc(Cn2ccc3cc(C(N)=O)ccc32)cc1 c1ccc(Cn2ncc3cnccc32)nc1 0.9926810 253.3090 1.0000000 1.0000
 | 14.0145 55.1926 72.8072 0.9999982 CC(C)(/C=C/c1ccc(F)c(N2CCOCC2)n1)c1ccc(O)nc1 1 CC(C)(CNc1ccc(C(N)=O)cn1)c1cccc(N2CCNCC2)c1 C(=C/c1cccc(N2CCOCC2)n1)\Cc1cccnc1 0.9999982 343.4020 1.0000000 1.0000
 | 10.7621 31.0579 36.5605 0.5282687 Cc1cnc(COc2cccnc2)cn1 1 C[C@H](Nc1ccc(C(N)=O)cn1)c1ccccc1 c1cncc(OCc2cnccn2)c1 0.5282687 201.2290 1.0000000 1.0000
 | 12.6664 45.1631 82.8368 0.9999987 OC1(c2cccc(CNc3ccnc(C(F)(F)F)n3)c2)CCCNC1 1 NC(=O)c1ccc(NCc2cccc(N3CCNC(C(F)(F)F)C3)c2)nc1 c1cc(CNc2ccncn2)cc(C2CCCNC2)c1 0.9999987 352.3600 1.0000000 1.0000
 | 15.2483 35.5569 92.2627 0.9985901 NC(=O)c1cnc2c(ccn2Cc2cncc(F)c2)n1 1 NCc1ccc(Cn2ccc3cc(C(N)=O)cnc32)cc1 c1cncc(Cn2ccc3nccnc32)c1 0.9985901 271.2550 1.0000000 1.0000
 | 8.1875 28.6202 99.3797 0.9999989 NC(=O)c1cnc(NC2(c3cccc(-c4ccc(F)nc4)c3)CC2)nc1 1 NC(=O)c1ccc(NC2(c3cccc(N4CCNCC4)c3)CC2)nc1 c1cnc(NC2(c3cccc(-c4cccnc4)c3)CC2)nc1 0.9999989 349.3690 1.0000000 1.0000
15:52:07 <INFO> Score: 0.83 Agent NLL: 11.36 Valid:  98% Step: 27
 | Agent Prior Target Score SMILES SMILES_state Input_SMILES Scaffold Molecular weight Molecular weight (raw) Unwanted SMARTS Unwanted SMARTS (raw)
 | 8.7198 30.9223 90.8672 0.9514801 NCc1ccnc(CSc2ccncn2)c1 1 NCc1ccc(CNc2ccc(C(N)=O)cn2)cc1 c1ccc(CSc2ccncn2)nc1 0.9514801 232.3120 1.0000000 1.0000
 | 9.4595 29.5874 -29.5874 0.0000000 NC(=O)c1ccc(OCC2CCOC(c3ccccn3)C2)nc1 1 NC(=O)c1ccc(NCc2cccc(N3CCNCC3)c2)nc1 c1ccc(OCC2CCOC(c3ccccn3)C2)nc1 0.9999708 313.3570 1.0000000 1.0000
 | 16.9922 37.2052 90.7941 0.9999939 NC(=O)c1ccc(N(CCO)CCc2nncc(C(N)=O)n2)cc1 1 CC(C)(CNc1ccc(C(N)=O)cn1)c1cccc(CN)c1 c1ccc(NCCc2nccnn2)cc1 0.9999939 330.3480 1.0000000 1.0000
 | 15.5186 43.4519 84.4941 0.9995782 CC(CNc1ncnc(NC2CNC2)n1)c1ccccc1 1 CC(C)(CNc1ccc(C(N)=O)cn1)c1cccc(NC2CNC2)c1 c1ccc(CCNc2ncnc(NC3CNC3)n2)cc1 0.9995782 284.3670 1.0000000 1.0000
 | 9.2418 51.4696 75.9920 0.9957938 NCCN1CCC(Cn2cnc3cnccc32)CC1 1 NCc1ccc(Cn2ccc3cc(C(N)=O)ccc32)cc1 c1cc2c(cn1)ncn2CC1CCNCC1 0.9957938 259.3570 1.0000000 1.0000
 | 25.3121 62.4622 65.2302 0.9975972 Cc1ncnc(-c2cc(C(C)(C)CNc3cccc(C(=O)NC(C)(C)CO)c3)ccn2)n1 1 CC(C)(CNc1ccc(C(N)=O)cn1)c1cccc(N2CCNCC2)c1 c1ccc(NCCc2ccnc(-c3ncncn3)c2)cc1 0.9975972 434.5440 1.0000000 1.0000
 | 18.2539 55.2542 72.5814 0.9987150 NC(=O)c1ccc(C(=O)Cc2ncc(CO)cn2)nc1 1 C[C@H](Nc1ccc(C(N)=O)cn1)c1ccccc1 O=C(Cc1ncccn1)c1ccccn1 0.9987150 272.2640 1.0000000 1.0000
 | 10.5306 55.6423 72.3571 0.9999954 FC(F)(F)c1cncc(NCc2ccnc(-c3cccnn3)n2)n1 1 NC(=O)c1ccc(NCc2cccc(N3CCNC(C(F)(F)F)C3)c2)nc1 c1cnnc(-c2nccc(CNc3cnccn3)n2)c1 0.9999954 333.2770 1.0000000 1.0000
 | 11.2130 31.5916 96.4075 0.9999933 CS(=O)(=O)c1cnc2c(ccn2CC2CCC(F)(F)CC2)n1 1 NCc1ccc(Cn2ccc3cc(C(N)=O)cnc32)cc1 c1cnc2c(ccn2CC2CCCCC2)n1 0.9999933 329.3720 1.0000000 1.0000
 | 11.0931 49.4630 78.5365 0.9999958 NC(=O)c1ccnc(C2(c3ccc(F)c(-c4cncnc4)c3)CC2)c1 1 NC(=O)c1ccc(NC2(c3cccc(N4CCNCC4)c3)CC2)nc1 c1ccc(C2(c3cccc(-c4cncnc4)c3)CC2)nc1 0.9999958 334.3540 1.0000000 1.0000
15:52:07 <INFO> Terminating early in step = 26
15:52:08 <INFO> Purging diversity filter memories in stage 1
15:52:08 <INFO> Finished stage 1 >>>
15:52:08 <CRIT> Received exception (''): saving checkpoint and then terminate
15:52:09 <INFO> Peak main memory usage: 2216.348 MiB
15:52:09 <INFO> Finished REINVENT on 2025-01-18
